<?xml version="1.0" encoding="UTF-8"?>
<robot generator="Robot 7.2 (Python 3.11.8 on win32)" generated="2025-01-26T07:30:00.520378" rpa="false" schemaversion="5">
<suite id="s1" name="bookSuite" source="C:\Users\didah\OneDrive\Dokumen\Ali\Belajar Appium\sanbercode-52-mobile\suites\bookSuite.robot">
<test id="s1-t1" name="User navigate to book page" line="16">
<kw name="Run Keywords" owner="BuiltIn" type="SETUP">
<kw name="Open Flight Application" owner="base">
<kw name="Open Application" owner="AppiumLibrary">
<arg>remote_url=${REMOTE_URL}</arg>
<arg>platformName=${PLATFORM_NAME}</arg>
<arg>platformVersion=${PLATFORM_VERSION}</arg>
<arg>deviceName=${DEVICE_NAME}</arg>
<arg>appPackage=${APP_PACKAGE}</arg>
<arg>appActivity=${APP_ACTIVITY}</arg>
<doc>Opens a new application to given Appium server.
Capabilities of appium server, Android and iOS,
Please check https://appium.io/docs/en/2.1/cli/args/
| *Option*            | *Man.* | *Description*     |
| remote_url          | Yes    | Appium server url |
| alias               | no     | alias             |
| strict_ssl          | No     | allows you to send commands to an invalid certificate host like a self-signed one. |</doc>
<status status="PASS" start="2025-01-26T07:30:00.706603" elapsed="11.695917"/>
</kw>
<status status="PASS" start="2025-01-26T07:30:00.706603" elapsed="11.695917"/>
</kw>
<kw name="AND Login With Valid Credentials" owner="loginPage">
<kw name="Verify Home Page Appears" owner="homePage">
<kw name="Wait Until Element Is Visible" owner="AppiumLibrary">
<msg time="2025-01-26T07:30:13.820646" level="INFO">xpath criteria: //android.widget.ImageView[@resource-id="com.example.myapplication:id/imageView4"]</msg>
<arg>${logo_homePage}</arg>
<doc>Waits until element specified with `locator` is visible.</doc>
<status status="PASS" start="2025-01-26T07:30:12.405040" elapsed="1.415606"/>
</kw>
<status status="PASS" start="2025-01-26T07:30:12.403525" elapsed="1.417121"/>
</kw>
<kw name="Click Sign In Button On Home Page" owner="homePage">
<kw name="Wait Until Element Is Visible" owner="AppiumLibrary">
<msg time="2025-01-26T07:30:13.872561" level="INFO">xpath criteria: //android.widget.Button[@resource-id="com.example.myapplication:id/login"]</msg>
<arg>${signIn_button_homePage}</arg>
<doc>Waits until element specified with `locator` is visible.</doc>
<status status="PASS" start="2025-01-26T07:30:13.820646" elapsed="0.051915"/>
</kw>
<kw name="Click Element" owner="AppiumLibrary">
<msg time="2025-01-26T07:30:13.873561" level="INFO">Clicking element '//android.widget.Button[@resource-id="com.example.myapplication:id/login"]'.</msg>
<msg time="2025-01-26T07:30:14.009500" level="INFO">xpath criteria: //android.widget.Button[@resource-id="com.example.myapplication:id/login"]</msg>
<arg>${signIn_button_homePage}</arg>
<doc>Click element identified by `locator`.</doc>
<status status="PASS" start="2025-01-26T07:30:13.872561" elapsed="0.136939"/>
</kw>
<status status="PASS" start="2025-01-26T07:30:13.820646" elapsed="0.188854"/>
</kw>
<kw name="Verify Login Appears" owner="loginPage">
<kw name="Wait Until Element Is Visible" owner="AppiumLibrary">
<msg time="2025-01-26T07:30:15.623647" level="INFO">xpath criteria: //android.widget.EditText[@resource-id="com.example.myapplication:id/username"]
xpath criteria: //android.widget.EditText[@resource-id="com.example.myapplication:id/username"]</msg>
<arg>${email_input_loginPage}</arg>
<doc>Waits until element specified with `locator` is visible.</doc>
<status status="PASS" start="2025-01-26T07:30:14.011200" elapsed="1.612447"/>
</kw>
<kw name="Wait Until Element Is Visible" owner="AppiumLibrary">
<msg time="2025-01-26T07:30:15.698457" level="INFO">xpath criteria: //android.widget.EditText[@resource-id="com.example.myapplication:id/password"]</msg>
<arg>${password_input_loginPage}</arg>
<doc>Waits until element specified with `locator` is visible.</doc>
<status status="PASS" start="2025-01-26T07:30:15.623647" elapsed="0.074810"/>
</kw>
<kw name="Wait Until Element Is Visible" owner="AppiumLibrary">
<msg time="2025-01-26T07:30:15.747554" level="INFO">xpath criteria: //android.widget.Button[@resource-id="com.example.myapplication:id/signIn"]</msg>
<arg>${signIn_button_loginPage}</arg>
<doc>Waits until element specified with `locator` is visible.</doc>
<status status="PASS" start="2025-01-26T07:30:15.699460" elapsed="0.048094"/>
</kw>
<status status="PASS" start="2025-01-26T07:30:14.011200" elapsed="1.736354"/>
</kw>
<kw name="Input User Email On Login Page" owner="loginPage">
<kw name="Input Text" owner="AppiumLibrary">
<msg time="2025-01-26T07:30:15.749895" level="INFO">Typing text 'support@ngendigital.com' into text field '//android.widget.EditText[@resource-id="com.example.myapplication:id/username"]'</msg>
<msg time="2025-01-26T07:30:15.819772" level="INFO">xpath criteria: //android.widget.EditText[@resource-id="com.example.myapplication:id/username"]</msg>
<arg>${email_input_loginPage}</arg>
<arg>${email}</arg>
<doc>Types the given `text` into text field identified by `locator`.</doc>
<status status="PASS" start="2025-01-26T07:30:15.747554" elapsed="0.072218"/>
</kw>
<arg>${email}</arg>
<status status="PASS" start="2025-01-26T07:30:15.747554" elapsed="0.072218"/>
</kw>
<kw name="Input User Password On Login Page" owner="loginPage">
<kw name="Input Text" owner="AppiumLibrary">
<msg time="2025-01-26T07:30:15.821788" level="INFO">Typing text 'abc123' into text field '//android.widget.EditText[@resource-id="com.example.myapplication:id/password"]'</msg>
<msg time="2025-01-26T07:30:16.327752" level="INFO">xpath criteria: //android.widget.EditText[@resource-id="com.example.myapplication:id/password"]</msg>
<arg>${password_input_loginPage}</arg>
<arg>${password}</arg>
<doc>Types the given `text` into text field identified by `locator`.</doc>
<status status="PASS" start="2025-01-26T07:30:15.819772" elapsed="0.507980"/>
</kw>
<arg>${password}</arg>
<status status="PASS" start="2025-01-26T07:30:15.819772" elapsed="0.507980"/>
</kw>
<kw name="Click Sign In Button On Login Page" owner="loginPage">
<kw name="Click Element" owner="AppiumLibrary">
<msg time="2025-01-26T07:30:16.331955" level="INFO">Clicking element '//android.widget.Button[@resource-id="com.example.myapplication:id/signIn"]'.</msg>
<msg time="2025-01-26T07:30:16.902402" level="INFO">xpath criteria: //android.widget.Button[@resource-id="com.example.myapplication:id/signIn"]</msg>
<arg>${signIn_button_loginPage}</arg>
<doc>Click element identified by `locator`.</doc>
<status status="PASS" start="2025-01-26T07:30:16.328260" elapsed="0.574142"/>
</kw>
<status status="PASS" start="2025-01-26T07:30:16.328260" elapsed="0.574142"/>
</kw>
<status status="PASS" start="2025-01-26T07:30:12.402520" elapsed="4.499882"/>
</kw>
<kw name="AND Navigate To Book Page" owner="bookPage">
<kw name="Click Book Button On Home Page" owner="bookPage">
<kw name="Wait Until Element Is Visible" owner="AppiumLibrary">
<msg time="2025-01-26T07:30:18.363748" level="INFO">xpath criteria: //android.widget.Button[@resource-id="com.example.myapplication:id/book"]
xpath criteria: //android.widget.Button[@resource-id="com.example.myapplication:id/book"]</msg>
<arg>${bookPage_button}</arg>
<doc>Waits until element specified with `locator` is visible.</doc>
<status status="PASS" start="2025-01-26T07:30:16.902402" elapsed="1.461346"/>
</kw>
<kw name="Click Element" owner="AppiumLibrary">
<msg time="2025-01-26T07:30:18.366410" level="INFO">Clicking element '//android.widget.Button[@resource-id="com.example.myapplication:id/book"]'.</msg>
<msg time="2025-01-26T07:30:18.459230" level="INFO">xpath criteria: //android.widget.Button[@resource-id="com.example.myapplication:id/book"]</msg>
<arg>${bookPage_button}</arg>
<doc>Click element identified by `locator`.</doc>
<status status="PASS" start="2025-01-26T07:30:18.365272" elapsed="0.093958"/>
</kw>
<status status="PASS" start="2025-01-26T07:30:16.902402" elapsed="1.556828"/>
</kw>
<kw name="Click From City Dropdown" owner="bookPage">
<kw name="Wait Until Element Is Visible" owner="AppiumLibrary">
<msg time="2025-01-26T07:30:20.149984" level="INFO">xpath criteria: //android.widget.Spinner[@resource-id="com.example.myapplication:id/spinnerFrom"]
xpath criteria: //android.widget.Spinner[@resource-id="com.example.myapplication:id/spinnerFrom"]</msg>
<arg>${fromCity_dropdown}</arg>
<doc>Waits until element specified with `locator` is visible.</doc>
<status status="PASS" start="2025-01-26T07:30:18.459230" elapsed="1.690754"/>
</kw>
<kw name="Click Element" owner="AppiumLibrary">
<msg time="2025-01-26T07:30:20.152457" level="INFO">Clicking element '//android.widget.Spinner[@resource-id="com.example.myapplication:id/spinnerFrom"]'.</msg>
<msg time="2025-01-26T07:30:20.265515" level="INFO">xpath criteria: //android.widget.Spinner[@resource-id="com.example.myapplication:id/spinnerFrom"]</msg>
<arg>${fromCity_dropdown}</arg>
<doc>Click element identified by `locator`.</doc>
<status status="PASS" start="2025-01-26T07:30:20.149984" elapsed="0.115531"/>
</kw>
<status status="PASS" start="2025-01-26T07:30:18.459230" elapsed="1.807288"/>
</kw>
<kw name="Click From City Option" owner="bookPage">
<kw name="Wait Until Element Is Visible" owner="AppiumLibrary">
<msg time="2025-01-26T07:30:21.156329" level="INFO">xpath criteria: //android.widget.TextView[@resource-id="android:id/text1" and @text="Toronto"]</msg>
<arg>${toronto_option}</arg>
<doc>Waits until element specified with `locator` is visible.</doc>
<status status="PASS" start="2025-01-26T07:30:20.266518" elapsed="0.889811"/>
</kw>
<kw name="Click Element" owner="AppiumLibrary">
<msg time="2025-01-26T07:30:21.157541" level="INFO">Clicking element '//android.widget.TextView[@resource-id="android:id/text1" and @text="Toronto"]'.</msg>
<msg time="2025-01-26T07:30:21.902889" level="INFO">xpath criteria: //android.widget.TextView[@resource-id="android:id/text1" and @text="Toronto"]</msg>
<arg>${toronto_option}</arg>
<doc>Click element identified by `locator`.</doc>
<status status="PASS" start="2025-01-26T07:30:21.156329" elapsed="0.746560"/>
</kw>
<status status="PASS" start="2025-01-26T07:30:20.266518" elapsed="1.637952"/>
</kw>
<kw name="Click To City Dropdown" owner="bookPage">
<kw name="Wait Until Element Is Visible" owner="AppiumLibrary">
<msg time="2025-01-26T07:30:21.985251" level="INFO">xpath criteria: //android.widget.Spinner[@resource-id="com.example.myapplication:id/spinnerTo"]</msg>
<arg>${toCity_dropdown}</arg>
<doc>Waits until element specified with `locator` is visible.</doc>
<status status="PASS" start="2025-01-26T07:30:21.905051" elapsed="0.080200"/>
</kw>
<kw name="Click Element" owner="AppiumLibrary">
<msg time="2025-01-26T07:30:21.987527" level="INFO">Clicking element '//android.widget.Spinner[@resource-id="com.example.myapplication:id/spinnerTo"]'.</msg>
<msg time="2025-01-26T07:30:22.085269" level="INFO">xpath criteria: //android.widget.Spinner[@resource-id="com.example.myapplication:id/spinnerTo"]</msg>
<arg>${toCity_dropdown}</arg>
<doc>Click element identified by `locator`.</doc>
<status status="PASS" start="2025-01-26T07:30:21.986516" elapsed="0.098753"/>
</kw>
<status status="PASS" start="2025-01-26T07:30:21.904470" elapsed="0.180799"/>
</kw>
<kw name="Click To City Option" owner="bookPage">
<kw name="Wait Until Element Is Visible" owner="AppiumLibrary">
<msg time="2025-01-26T07:30:22.982912" level="INFO">xpath criteria: //android.widget.TextView[@resource-id="android:id/text1" and @text="Ottawa"]</msg>
<arg>${ottawa_option}</arg>
<doc>Waits until element specified with `locator` is visible.</doc>
<status status="PASS" start="2025-01-26T07:30:22.086669" elapsed="0.896243"/>
</kw>
<kw name="Click Element" owner="AppiumLibrary">
<msg time="2025-01-26T07:30:22.985001" level="INFO">Clicking element '//android.widget.TextView[@resource-id="android:id/text1" and @text="Ottawa"]'.</msg>
<msg time="2025-01-26T07:30:23.730884" level="INFO">xpath criteria: //android.widget.TextView[@resource-id="android:id/text1" and @text="Ottawa"]</msg>
<arg>${ottawa_option}</arg>
<doc>Click element identified by `locator`.</doc>
<status status="PASS" start="2025-01-26T07:30:22.982912" elapsed="0.747972"/>
</kw>
<status status="PASS" start="2025-01-26T07:30:22.085269" elapsed="1.645615"/>
</kw>
<kw name="Click Class Dropdown" owner="bookPage">
<kw name="Wait Until Element Is Visible" owner="AppiumLibrary">
<msg time="2025-01-26T07:30:23.797700" level="INFO">xpath criteria: //android.widget.Spinner[@resource-id="com.example.myapplication:id/spinnerClass"]</msg>
<arg>${class_dropdown}</arg>
<doc>Waits until element specified with `locator` is visible.</doc>
<status status="PASS" start="2025-01-26T07:30:23.730884" elapsed="0.066816"/>
</kw>
<kw name="Click Element" owner="AppiumLibrary">
<msg time="2025-01-26T07:30:23.800070" level="INFO">Clicking element '//android.widget.Spinner[@resource-id="com.example.myapplication:id/spinnerClass"]'.</msg>
<msg time="2025-01-26T07:30:23.903237" level="INFO">xpath criteria: //android.widget.Spinner[@resource-id="com.example.myapplication:id/spinnerClass"]</msg>
<arg>${class_dropdown}</arg>
<doc>Click element identified by `locator`.</doc>
<status status="PASS" start="2025-01-26T07:30:23.797700" elapsed="0.105537"/>
</kw>
<status status="PASS" start="2025-01-26T07:30:23.730884" elapsed="0.172353"/>
</kw>
<kw name="Click Class Option" owner="bookPage">
<kw name="Wait Until Element Is Visible" owner="AppiumLibrary">
<msg time="2025-01-26T07:30:24.844901" level="INFO">xpath criteria: //android.widget.TextView[@resource-id="android:id/text1" and @text="Business"]
xpath criteria: //android.widget.TextView[@resource-id="android:id/text1" and @text="Business"]</msg>
<arg>${business_option}</arg>
<doc>Waits until element specified with `locator` is visible.</doc>
<status status="PASS" start="2025-01-26T07:30:23.904659" elapsed="0.940242"/>
</kw>
<kw name="Click Element" owner="AppiumLibrary">
<msg time="2025-01-26T07:30:24.846409" level="INFO">Clicking element '//android.widget.TextView[@resource-id="android:id/text1" and @text="Business"]'.</msg>
<msg time="2025-01-26T07:30:25.566262" level="INFO">xpath criteria: //android.widget.TextView[@resource-id="android:id/text1" and @text="Business"]</msg>
<arg>${business_option}</arg>
<doc>Click element identified by `locator`.</doc>
<status status="PASS" start="2025-01-26T07:30:24.844901" elapsed="0.721361"/>
</kw>
<status status="PASS" start="2025-01-26T07:30:23.903237" elapsed="1.664042"/>
</kw>
<kw name="Click Start Date Input" owner="bookPage">
<kw name="Wait Until Element Is Visible" owner="AppiumLibrary">
<msg time="2025-01-26T07:30:25.623369" level="INFO">xpath criteria: //android.widget.TextView[@resource-id="com.example.myapplication:id/textStartDate"]</msg>
<arg>${startDate_input}</arg>
<doc>Waits until element specified with `locator` is visible.</doc>
<status status="PASS" start="2025-01-26T07:30:25.567279" elapsed="0.056090"/>
</kw>
<kw name="Click Element" owner="AppiumLibrary">
<msg time="2025-01-26T07:30:25.624891" level="INFO">Clicking element '//android.widget.TextView[@resource-id="com.example.myapplication:id/textStartDate"]'.</msg>
<msg time="2025-01-26T07:30:25.720551" level="INFO">xpath criteria: //android.widget.TextView[@resource-id="com.example.myapplication:id/textStartDate"]</msg>
<arg>${startDate_input}</arg>
<doc>Click element identified by `locator`.</doc>
<status status="PASS" start="2025-01-26T07:30:25.623369" elapsed="0.097182"/>
</kw>
<status status="PASS" start="2025-01-26T07:30:25.567279" elapsed="0.153272"/>
</kw>
<kw name="Click Start Date" owner="bookPage">
<kw name="Wait Until Element Is Visible" owner="AppiumLibrary">
<msg time="2025-01-26T07:30:26.959566" level="INFO">xpath criteria: //android.view.View[@content-desc="02 August 2019"]
xpath criteria: //android.view.View[@content-desc="02 August 2019"]</msg>
<arg>${start_date}</arg>
<doc>Waits until element specified with `locator` is visible.</doc>
<status status="PASS" start="2025-01-26T07:30:25.721550" elapsed="1.238016"/>
</kw>
<kw name="Click Element" owner="AppiumLibrary">
<msg time="2025-01-26T07:30:26.962111" level="INFO">Clicking element '//android.view.View[@content-desc="02 August 2019"]'.</msg>
<msg time="2025-01-26T07:30:27.702456" level="INFO">xpath criteria: //android.view.View[@content-desc="02 August 2019"]</msg>
<arg>${start_date}</arg>
<doc>Click element identified by `locator`.</doc>
<status status="PASS" start="2025-01-26T07:30:26.960567" elapsed="0.741889"/>
</kw>
<status status="PASS" start="2025-01-26T07:30:25.720551" elapsed="1.981905"/>
</kw>
<kw name="Click End Date Input" owner="bookPage">
<kw name="Wait Until Element Is Visible" owner="AppiumLibrary">
<msg time="2025-01-26T07:30:33.221672" level="INFO">&lt;?xml version='1.0' encoding='UTF-8' standalone='yes' ?&gt;
&lt;hierarchy index="0" class="hierarchy" rotation="0" width="1344" height="2769"&gt;
  &lt;android.widget.FrameLayout index="0" package="com.example.myapplication" class="android.widget.FrameLayout" text="" checkable="false" checked="false" clickable="false" enabled="true" focusable="false" focused="false" long-clickable="false" password="false" scrollable="false" selected="false" bounds="[192,748][1152,2323]" displayed="true"&gt;
    &lt;android.widget.FrameLayout index="0" package="com.example.myapplication" class="android.widget.FrameLayout" text="" checkable="false" checked="false" clickable="false" enabled="true" focusable="false" focused="false" long-clickable="false" password="false" scrollable="false" selected="false" bounds="[240,796][1104,2275]" displayed="true"&gt;
      &lt;android.widget.FrameLayout index="0" package="com.example.myapplication" class="android.widget.FrameLayout" text="" resource-id="android:id/content" checkable="false" checked="false" clickable="false" enabled="true" focusable="false" focused="false" long-clickable="false" password="false" scrollable="false" selected="false" bounds="[240,796][1104,2275]" displayed="true"&gt;
        &lt;android.widget.LinearLayout index="0" package="com.example.myapplication" class="android.widget.LinearLayout" text="" resource-id="android:id/parentPanel" checkable="false" checked="false" clickable="false" enabled="true" focusable="false" focused="false" long-clickable="false" password="false" scrollable="false" selected="false" bounds="[240,796][1104,2275]" displayed="true"&gt;
          &lt;android.widget.FrameLayout index="0" package="com.example.myapplication" class="android.widget.FrameLayout" text="" resource-id="android:id/customPanel" checkable="false" checked="false" clickable="false" enabled="true" focusable="false" focused="false" long-clickable="false" password="false" scrollable="false" selected="false" bounds="[240,796][1104,2089]" displayed="true"&gt;
            &lt;android.widget.FrameLayout index="0" package="com.example.myapplication" class="android.widget.FrameLayout" text="" resource-id="android:id/custom" checkable="false" checked="false" clickable="false" enabled="true" focusable="false" focused="false" long-clickable="false" password="false" scrollable="false" selected="false" bounds="[240,796][1104,2089]" displayed="true"&gt;
              &lt;android.widget.DatePicker index="0" package="com.example.myapplication" class="android.widget.DatePicker" text="" resource-id="android:id/datePicker" checkable="false" checked="false" clickable="false" enabled="true" focusable="false" focused="false" long-clickable="false" password="false" scrollable="false" selected="false" bounds="[240,796][1104,2089]" displayed="true"&gt;
                &lt;android.widget.LinearLayout index="0" package="com.example.myapplication" class="android.widget.LinearLayout" text="" checkable="false" checked="false" clickable="false" enabled="true" focusable="false" focused="false" long-clickable="false" password="false" scrollable="false" selected="false" bounds="[240,796][1104,2089]" displayed="true"&gt;
                  &lt;android.widget.LinearLayout index="0" package="com.example.myapplication" class="android.widget.LinearLayout" text="" resource-id="android:id/date_picker_header" checkable="false" checked="false" clickable="false" enabled="true" focusable="false" focused="false" long-clickable="false" password="false" scrollable="false" selected="false" bounds="[240,796][1104,1075]" displayed="true"&gt;
                    &lt;android.widget.LinearLayout index="0" package="com.example.myapplication" class="android.widget.LinearLayout" text="" checkable="false" checked="false" clickable="false" enabled="true" focusable="false" focused="false" long-clickable="false" password="false" scrollable="false" selected="false" bounds="[240,796][1104,1075]" displayed="true"&gt;
                      &lt;android.widget.TextView index="0" package="com.example.myapplication" class="android.widget.TextView" text="2019" resource-id="android:id/date_picker_header_year" checkable="false" checked="false" clickable="true" enabled="true" focusable="true" focused="false" long-clickable="false" password="false" scrollable="false" selected="false" bounds="[288,820][444,925]" displayed="true" /&gt;
                      &lt;android.widget.TextView index="1" package="com.example.myapplication" class="android.widget.TextView" text="Fri, Aug 2" resource-id="android:id/date_picker_header_date" checkable="false" checked="false" clickable="true" enabled="true" focusable="true" focused="false" long-clickable="false" password="false" scrollable="false" selected="false" bounds="[312,901][743,1021]" displayed="true" /&gt;
                    &lt;/android.widget.LinearLayout&gt;
                  &lt;/android.widget.LinearLayout&gt;
                  &lt;android.widget.ScrollView index="1" package="com.example.myapplication" class="android.widget.ScrollView" text="" checkable="false" checked="false" clickable="false" enabled="true" focusable="true" focused="false" long-clickable="false" password="false" scrollable="false" selected="false" bounds="[240,1075][1104,2089]" displayed="true"&gt;
                    &lt;android.widget.ViewAnimator index="0" package="com.example.myapplication" class="android.widget.ViewAnimator" text="" resource-id="android:id/animator" checkable="false" checked="false" clickable="false" enabled="true" focusable="false" focused="false" long-clickable="false" password="false" scrollable="false" selected="false" bounds="[240,1075][1104,2089]" displayed="true"&gt;
                      &lt;android.view.ViewGroup index="0" package="com.example.myapplication" class="android.view.ViewGroup" text="" resource-id="android:id/date_picker_day_picker" checkable="false" checked="false" clickable="false" enabled="true" focusable="false" focused="false" long-clickable="false" password="false" scrollable="false" selected="false" bounds="[240,1075][1104,2089]" displayed="true"&gt;
                        &lt;com.android.internal.widget.ViewPager index="0" package="com.example.myapplication" class="com.android.internal.widget.ViewPager" text="" resource-id="android:id/day_picker_view_pager" checkable="false" checked="false" clickable="false" enabled="true" focusable="true" focused="false" long-clickable="false" password="false" scrollable="true" selected="false" bounds="[240,1075][1104,2089]" displayed="true"&gt;
                          &lt;android.view.View index="1" package="com.example.myapplication" class="android.view.View" text="" resource-id="android:id/month_view" checkable="false" checked="false" clickable="false" enabled="true" focusable="true" focused="false" long-clickable="false" password="false" scrollable="false" selected="false" bounds="[240,1075][1104,2089]" displayed="true"&gt;
                            &lt;android.view.View index="0" package="com.example.myapplication" class="android.view.View" text="1" content-desc="01 August 2019" checkable="false" checked="false" clickable="true" enabled="true" focusable="false" focused="false" long-clickable="false" password="false" scrollable="false" selected="false" bounds="[724,1369][830,1489]" displayed="true" /&gt;
                            &lt;android.view.View index="1" package="com.example.myapplication" class="android.view.View" text="2" content-desc="02 August 2019" checkable="false" checked="true" clickable="true" enabled="true" focusable="false" focused="false" long-clickable="false" password="false" scrollable="false" selected="true" bounds="[830,1369][936,1489]" displayed="true" /&gt;
                            &lt;android.view.View index="2" package="com.example.myapplication" class="android.view.View" text="3" content-desc="03 August 2019" checkable="false" checked="false" clickable="true" enabled="true" focusable="false" focused="false" long-clickable="false" password="false" scrollable="false" selected="false" bounds="[936,1369][1042,1489]" displayed="true" /&gt;
                            &lt;android.view.View index="3" package="com.example.myapplication" class="android.view.View" text="4" content-desc="04 August 2019" checkable="false" checked="false" clickable="true" enabled="true" focusable="false" focused="false" long-clickable="false" password="false" scrollable="false" selected="false" bounds="[300,1489][406,1609]" displayed="true" /&gt;
                            &lt;android.view.View index="4" package="com.example.myapplication" class="android.view.View" text="5" content-desc="05 August 2019" checkable="false" checked="false" clickable="true" enabled="true" focusable="false" focused="false" long-clickable="false" password="false" scrollable="false" selected="false" bounds="[406,1489][512,1609]" displayed="true" /&gt;
                            &lt;android.view.View index="5" package="com.example.myapplication" class="android.view.View" text="6" content-desc="06 August 2019" checkable="false" checked="false" clickable="true" enabled="true" focusable="false" focused="false" long-clickable="false" password="false" scrollable="false" selected="false" bounds="[512,1489][618,1609]" displayed="true" /&gt;
                            &lt;android.view.View index="6" package="com.example.myapplication" class="android.view.View" text="7" content-desc="07 August 2019" checkable="false" checked="false" clickable="true" enabled="true" focusable="false" focused="false" long-clickable="false" password="false" scrollable="false" selected="false" bounds="[618,1489][724,1609]" displayed="true" /&gt;
                            &lt;android.view.View index="7" package="com.example.myapplication" class="android.view.View" text="8" content-desc="08 August 2019" checkable="false" checked="false" clickable="true" enabled="true" focusable="false" focused="false" long-clickable="false" password="false" scrollable="false" selected="false" bounds="[724,1489][830,1609]" displayed="true" /&gt;
                            &lt;android.view.View index="8" package="com.example.myapplication" class="android.view.View" text="9" content-desc="09 August 2019" checkable="false" checked="false" clickable="true" enabled="true" focusable="false" focused="false" long-clickable="false" password="false" scrollable="false" selected="false" bounds="[830,1489][936,1609]" displayed="true" /&gt;
                            &lt;android.view.View index="9" package="com.example.myapplication" class="android.view.View" text="10" content-desc="10 August 2019" checkable="false" checked="false" clickable="true" enabled="true" focusable="false" focused="false" long-clickable="false" password="false" scrollable="false" selected="false" bounds="[936,1489][1042,1609]" displayed="true" /&gt;
                            &lt;android.view.View index="10" package="com.example.myapplication" class="android.view.View" text="11" content-desc="11 August 2019" checkable="false" checked="false" clickable="true" enabled="true" focusable="false" focused="false" long-clickable="false" password="false" scrollable="false" selected="false" bounds="[300,1609][406,1729]" displayed="true" /&gt;
                            &lt;android.view.View index="11" package="com.example.myapplication" class="android.view.View" text="12" content-desc="12 August 2019" checkable="false" checked="false" clickable="true" enabled="true" focusable="false" focused="false" long-clickable="false" password="false" scrollable="false" selected="false" bounds="[406,1609][512,1729]" displayed="true" /&gt;
                            &lt;android.view.View index="12" package="com.example.myapplication" class="android.view.View" text="13" content-desc="13 August 2019" checkable="false" checked="false" clickable="true" enabled="true" focusable="false" focused="false" long-clickable="false" password="false" scrollable="false" selected="false" bounds="[512,1609][618,1729]" displayed="true" /&gt;
                            &lt;android.view.View index="13" package="com.example.myapplication" class="android.view.View" text="14" content-desc="14 August 2019" checkable="false" checked="false" clickable="true" enabled="true" focusable="false" focused="false" long-clickable="false" password="false" scrollable="false" selected="false" bounds="[618,1609][724,1729]" displayed="true" /&gt;
                            &lt;android.view.View index="14" package="com.example.myapplication" class="android.view.View" text="15" content-desc="15 August 2019" checkable="false" checked="false" clickable="true" enabled="true" focusable="false" focused="false" long-clickable="false" password="false" scrollable="false" selected="false" bounds="[724,1609][830,1729]" displayed="true" /&gt;
                            &lt;android.view.View index="15" package="com.example.myapplication" class="android.view.View" text="16" content-desc="16 August 2019" checkable="false" checked="false" clickable="true" enabled="true" focusable="false" focused="false" long-clickable="false" password="false" scrollable="false" selected="false" bounds="[830,1609][936,1729]" displayed="true" /&gt;
                            &lt;android.view.View index="16" package="com.example.myapplication" class="android.view.View" text="17" content-desc="17 August 2019" checkable="false" checked="false" clickable="true" enabled="true" focusable="false" focused="false" long-clickable="false" password="false" scrollable="false" selected="false" bounds="[936,1609][1042,1729]" displayed="true" /&gt;
                            &lt;android.view.View index="17" package="com.example.myapplication" class="android.view.View" text="18" content-desc="18 August 2019" checkable="false" checked="false" clickable="true" enabled="true" focusable="false" focused="false" long-clickable="false" password="false" scrollable="false" selected="false" bounds="[300,1729][406,1849]" displayed="true" /&gt;
                            &lt;android.view.View index="18" package="com.example.myapplication" class="android.view.View" text="19" content-desc="19 August 2019" checkable="false" checked="false" clickable="true" enabled="true" focusable="false" focused="false" long-clickable="false" password="false" scrollable="false" selected="false" bounds="[406,1729][512,1849]" displayed="true" /&gt;
                            &lt;android.view.View index="19" package="com.example.myapplication" class="android.view.View" text="20" content-desc="20 August 2019" checkable="false" checked="false" clickable="true" enabled="true" focusable="false" focused="false" long-clickable="false" password="false" scrollable="false" selected="false" bounds="[512,1729][618,1849]" displayed="true" /&gt;
                            &lt;android.view.View index="20" package="com.example.myapplication" class="android.view.View" text="21" content-desc="21 August 2019" checkable="false" checked="false" clickable="true" enabled="true" focusable="false" focused="false" long-clickable="false" password="false" scrollable="false" selected="false" bounds="[618,1729][724,1849]" displayed="true" /&gt;
                            &lt;android.view.View index="21" package="com.example.myapplication" class="android.view.View" text="22" content-desc="22 August 2019" checkable="false" checked="false" clickable="true" enabled="true" focusable="false" focused="false" long-clickable="false" password="false" scrollable="false" selected="false" bounds="[724,1729][830,1849]" displayed="true" /&gt;
                            &lt;android.view.View index="22" package="com.example.myapplication" class="android.view.View" text="23" content-desc="23 August 2019" checkable="false" checked="false" clickable="true" enabled="true" focusable="false" focused="false" long-clickable="false" password="false" scrollable="false" selected="false" bounds="[830,1729][936,1849]" displayed="true" /&gt;
                            &lt;android.view.View index="23" package="com.example.myapplication" class="android.view.View" text="24" content-desc="24 August 2019" checkable="false" checked="false" clickable="true" enabled="true" focusable="false" focused="false" long-clickable="false" password="false" scrollable="false" selected="false" bounds="[936,1729][1042,1849]" displayed="true" /&gt;
                            &lt;android.view.View index="24" package="com.example.myapplication" class="android.view.View" text="25" content-desc="25 August 2019" checkable="false" checked="false" clickable="true" enabled="true" focusable="false" focused="false" long-clickable="false" password="false" scrollable="false" selected="false" bounds="[300,1849][406,1969]" displayed="true" /&gt;
                            &lt;android.view.View index="25" package="com.example.myapplication" class="android.view.View" text="26" content-desc="26 August 2019" checkable="false" checked="false" clickable="true" enabled="true" focusable="false" focused="false" long-clickable="false" password="false" scrollable="false" selected="false" bounds="[406,1849][512,1969]" displayed="true" /&gt;
                            &lt;android.view.View index="26" package="com.example.myapplication" class="android.view.View" text="27" content-desc="27 August 2019" checkable="false" checked="false" clickable="true" enabled="true" focusable="false" focused="false" long-clickable="false" password="false" scrollable="false" selected="false" bounds="[512,1849][618,1969]" displayed="true" /&gt;
                            &lt;android.view.View index="27" package="com.example.myapplication" class="android.view.View" text="28" content-desc="28 August 2019" checkable="false" checked="false" clickable="true" enabled="true" focusable="false" focused="false" long-clickable="false" password="false" scrollable="false" selected="false" bounds="[618,1849][724,1969]" displayed="true" /&gt;
                            &lt;android.view.View index="28" package="com.example.myapplication" class="android.view.View" text="29" content-desc="29 August 2019" checkable="false" checked="false" clickable="true" enabled="true" focusable="false" focused="false" long-clickable="false" password="false" scrollable="false" selected="false" bounds="[724,1849][830,1969]" displayed="true" /&gt;
                            &lt;android.view.View index="29" package="com.example.myapplication" class="android.view.View" text="30" content-desc="30 August 2019" checkable="false" checked="false" clickable="true" enabled="true" focusable="false" focused="false" long-clickable="false" password="false" scrollable="false" selected="false" bounds="[830,1849][936,1969]" displayed="true" /&gt;
                            &lt;android.view.View index="30" package="com.example.myapplication" class="android.view.View" text="31" content-desc="31 August 2019" checkable="false" checked="false" clickable="true" enabled="true" focusable="false" focused="false" long-clickable="false" password="false" scrollable="false" selected="false" bounds="[936,1849][1042,1969]" displayed="true" /&gt;
                          &lt;/android.view.View&gt;
                        &lt;/com.android.internal.widget.ViewPager&gt;
                        &lt;android.widget.ImageButton index="1" package="com.example.myapplication" class="android.widget.ImageButton" text="" content-desc="Previous month" resource-id="android:id/prev" checkable="false" checked="false" clickable="true" enabled="true" focusable="true" focused="false" long-clickable="false" password="false" scrollable="false" selected="false" bounds="[281,1105][425,1249]" displayed="true" /&gt;
                        &lt;android.widget.ImageButton index="2" package="com.example.myapplication" class="android.widget.ImageButton" text="" content-desc="Next month" resource-id="android:id/next" checkable="false" checked="false" clickable="true" enabled="true" focusable="true" focused="false" long-clickable="false" password="false" scrollable="false" selected="false" bounds="[919,1105][1063,1249]" displayed="true" /&gt;
                      &lt;/android.view.ViewGroup&gt;
                    &lt;/android.widget.ViewAnimator&gt;
                  &lt;/android.widget.ScrollView&gt;
                &lt;/android.widget.LinearLayout&gt;
              &lt;/android.widget.DatePicker&gt;
            &lt;/android.widget.FrameLayout&gt;
          &lt;/android.widget.FrameLayout&gt;
          &lt;android.widget.ScrollView index="1" package="com.example.myapplication" class="android.widget.ScrollView" text="" resource-id="android:id/buttonPanel" checkable="false" checked="false" clickable="false" enabled="true" focusable="true" focused="false" long-clickable="false" password="false" scrollable="false" selected="false" bounds="[240,2089][1104,2275]" displayed="true"&gt;
            &lt;android.widget.LinearLayout index="0" package="com.example.myapplication" class="android.widget.LinearLayout" text="" checkable="false" checked="false" clickable="false" enabled="true" focusable="false" focused="false" long-clickable="false" password="false" scrollable="false" selected="false" bounds="[240,2089][1104,2275]" displayed="true"&gt;
              &lt;android.widget.Button index="0" package="com.example.myapplication" class="android.widget.Button" text="CANCEL" resource-id="android:id/button2" checkable="false" checked="false" clickable="true" enabled="true" focusable="true" focused="false" long-clickable="false" password="false" scrollable="false" selected="false" bounds="[645,2101][876,2263]" displayed="true" /&gt;
              &lt;android.widget.Button index="1" package="com.example.myapplication" class="android.widget.Button" text="OK" resource-id="android:id/button1" checkable="false" checked="false" clickable="true" enabled="true" focusable="true" focused="false" long-clickable="false" password="false" scrollable="false" selected="false" bounds="[876,2101][1068,2263]" displayed="true" /&gt;
            &lt;/android.widget.LinearLayout&gt;
          &lt;/android.widget.ScrollView&gt;
        &lt;/android.widget.LinearLayout&gt;
      &lt;/android.widget.FrameLayout&gt;
    &lt;/android.widget.FrameLayout&gt;
  &lt;/android.widget.FrameLayout&gt;
&lt;/hierarchy&gt;</msg>
<kw name="Capture Page Screenshot" owner="AppiumLibrary">
<msg time="2025-01-26T07:30:33.601920" level="INFO" html="true">&lt;/td&gt;&lt;/tr&gt;&lt;tr&gt;&lt;td colspan="3"&gt;&lt;img src="data:image/png;base64, iVBORw0KGgoAAAANSUhEUgAABUAAAAuwCAYAAADMq5B/AAAAAXNSR0IArs4c6QAAAARzQklUCAgI
CHwIZIgAACAASURBVHic7N13nBT1/cfx93f2Kr13EUERrFixd7FjV+wFRaOINWrs0USNGvVn1KCx
BywRjYqNYCJ2sIENRBEUkC6dq7vz/f0xu3u7d3t3u3fbbng9fRzs7M185zsze+SR932+36/RgL5W
AAAAAAAAAOBDTq47AAAAAAAAAACZQgAKAAAAAAAAwLcIQAEAAAAAAAD4FgEoAAAAAAAAAN8iAAUA
AAAAAADgWwSgAAAAAAAAAHyLABQAAAAAAACAbxGAAgAAAAAAAPAtAlAAAAAAAAAAvkUACgAAAAAA
AMC3CEABAAAAAAAA+BYBKAAAAAAAAADfIgAFAAAAAAAA4FsEoAAAAAAAAAB8iwAUAAAAAAAAgG8R
gAIAAAAAAADwLQJQAAAAAAAAAL5FAAoAAAAAAADAtwhAAQAAAAAAAPgWASgAAAAAAAAA3yIABQAA
AAAAAOBbBKAAAAAAAAAAfIsAFAAAAAAAAIBvEYACAAAAAAAA8C0CUAAAAAAAAAC+RQAKAAAAAAAA
wLcIQAEAAAAAAAD4FgEoAAAAAAAAAN8iAAUAAAAAAADgWwSgAAAAAAAAAHyLABQAAAAAAACAbxGA
AgAAAAAAAPAtAlAAAAAAAAAAvkUACgAAAAAAAMC3CEABAAAAAAAA+BYBKAAAAAAAAADfIgAFAAAA
AAAA4FsEoAAAAAAAAAB8iwAUAAAAAAAAgG8RgAIAAAAAAADwLQJQAAAAAAAAAL5FAAoAAAAAAADA
twhAAQAAAAAAAPgWASgAAAAAAAAA3yIABQAAAAAAAOBbBKAAAAAAAAAAfIsAFAAAAAAAAIBvEYAC
AAAAAAAA8C0CUAAAAAAAAAC+RQAKAAAAAAAAwLcIQAEAAAAAAAD4FgEoAAAAAAAAAN8qyHUHgFQY
YyRJQ7cfoiP2P1B77LiTNt+0nzp37CBJWrl6tX6aP1+fTP9Cb055Vx998bkkyVqbsz4DAAAAAAAg
d4wG9CUZQl6LhJ63X3m1fnfaGWrburWMMdH362OtlbVWG8rL9di/ntNVd/w5+h4AAAAAAAA2DgSg
yFvGGFlrtejjz9Stc2cFAoFmtRcKhbR63Vp12XlImnoIAAAAAED+6tWtuzp37Kj2bdtqzbp1WrFq
pRYvW5brbmVdSXGxKiorc90N5BABKPJSIBDQ5KfHa99dh8px0jtV7YbyMrUfso1CoVBa2wUAAAAA
IBcG9N1U++w6VNsPGqxttxykQQMGqFe37vXuv2jZUn3/00+a9dMcffHtN3pv2lTNXTA/iz3OnlvG
XK4p0z7RlGlTs3bO/YbuppvHXN7ofn984L6s9mtjxhygyDuDBgzQzLf/2+gQ96YqLS5RQSBAAAoA
AAAAaLH6b9JXl50zUicedoR6dO2a0rG9unVXr27ddcDue0TfW7J8uV586w3d/+TjvglDbxlzuW4e
c5mmnPZJ1s+939DdGt3nj1noBzysAo+84TiOLj/nvIyGn5Hz3H/DzdF5RM87aUTaq0wBAAAAAEg3
Y4wO3Wc/vfHYU5rzv/d1yZlnpxx+1qdH16665MyzNed/7+v1fzypYXvtk5Z2cyUSfgISASjyhOM4
ev7/HtRfr7sho+FnxAmHHS7JWyhpv6G7a8KDY/MyBM3GvcjGOQAAAAAAzbPNwC316iOP6a0nntbh
++2fsf8vZ4zREfsfoElP/VOvPvKYBm7WPyPnySTCT9TGEHjknDFGT/7lHp1w6OFZC+M6tmsfXWTp
4y+/0EN/vE3j7/0/nXr5mLxYJT5yH3bfYUedddwJalVampHzlJWX6+mXJ+iT6V9KUl5cOwAAAACg
RmFBgf585dW6cuT5WS/cGX7gwTpivwN0z2OP6sb77lF1MJjV8zdFtsPPW8Zcrn2TGO6eyM1jLtfN
td5jXtDMYBGkLBoyeCtt0W8zFRcVaelvKzRvwQLN+eXntLXfp0dPDd58c3Xr3FnV1UEtWrZU02ZM
z/t/oM445jg9ffe9Wa1EtNaq447bas26dTrqgIP02qOPy1qr8667Wk+8+K+s9SORyH046oCD9Pid
d6lzh44ZPd9vq1dp5LVXa+L/3pFECAoAAAAA+WK7QYP1zN33afvBg3PdFX01a5bO/P3l+vr7Wbnu
Sr3qCz/3P+3kjISKmQpb//jA/brlgfvS3u7GzBcB6LUXXqRLzjw7be39MG+e9j/t5LS0tfsOO+qy
c0bqgN33UJeOnep8f8HiRfrvxx9p7LPjNe2r6Sm336q0VH+48GIdO+wQDeo/QIFAIO77G8rL9PEX
X2jsc+P08qS3m3wdmdK1U2ctnfZF1odhW2t1wOkjNGXaVB1/6GGa8OBYSZLruuq9565asnx5VvuT
yBuPPaVD9t4n47/hc11Xkz54X0ecd3ZGz5Mp7du2VdvWbdS2dWutXLNaK1atYoErAAAAAC3e8AMP
1nP3/y1jIwKboqy8XKdcdole++/kXHeljobCyEwFoO+OfyGpxY6awmy+aUba3Vj5Ygh8uzZt1Ktb
97S1t2bdurS0c8dV1+jyc89TcVFRvfts0rOXzj7+RJ18xFH62zNP6Zq77ki6/V22217/euBh9evT
p959Wpe20sF77a2D9txLz018TWdffUXeVIQ6jqOFH03L2RyUA/puqinTpqpf75r75ziOFnw4VcWD
t5DrujnpV0Tv7j3kOE7G74/jOOrdvUdGz5FuxhgddcBBuuHiS7TLdtvHfa+qulpPTviXbnvwAS1a
tpSKVgAAAAAtijFG1180WrdedmXerdnQqrRUr4z9h26876+6/e8P5s3/38rVnJ+ZCj+Rfvm36kse
SEf130sPPaJrL7yoTvi5obxMS5YvV3lFRdz7pSUlunrUhfrbzbcm1f6QwVtp4qNP1Ak/K6uqtGjZ
Uq1YtTLufWOMTh1+tJ67/8EmXE1mXHrWuSoqLMzZ+Tt16CBJ2m/o7nHvFwQK9IcLL85Fl+JYZe9/
SLJ5ruZoVVqq6343Wj+9+4FefeSxOuGnJBUVFuqCU07Tj/99T2898bSGbr9DDnoKAAAAAKlzHEeP
3X6Xbrv8qrwLPyOMMfrTFVfpkT/dUWcUai6w4BGS4YsK0BfffEPf//RTk48/bN/9NOLI4dHtR59/
tln9uf2qq3XcIYdGt621euGNifr7+HF6/7Np0fcP3mtvXXz6mTr6oGHR9y4+/Ux9/s3XevrlCQ2e
474bblb3Ll2i20uWL9cdYx/S0y9PiFawbj94sK4cOUqnH31s9B/O4w89TBeccpoeeW58s66xuYwx
uucP1+e8D47jaLcd6gZkt152RV79NgtSz27dNO6v/6cDdt8jqf1LS0p0yN77at9dd9M511yll95+
M2+qnwEAAAAgkRceeEgnHHp4rruRlPNPPkUd27fXiaN/l7M+EH4iWb4IQKfP/E7TZ37X5ONvHD0m
+nrWT3P0/OuvNbmtLfv312Vnj4xuW2t1yR9v0kPjnqmz7+QPP9DkDz/Q326+VaPPOEuSF8pdce55
DQagI44cHldmvXTFCh181mn69ofZcft9NWuWzrzqcv348zzdetmV0fevOPe8nAeg9/zh+qTmtgyF
QrKyMvIC3MjrdAwN/23VKllr1b5tuzrfcxxHD//xT/rdTbkNaVNhrZW1Nnpf8vW3hU3Rp0dPffD8
BG3au3fKx5YUF+uZe+5Tl44d9eA/n85A7wAAAAAgPf778UctJgCVvP7mCuEnUrHRD4E//+RTtPmm
/aLbT05o3grgI08codKSkuj2y5PeThh+xvr9nX+OG3a/7ZaDGlzh7dThR8dt/+WRv9cJP2Pd9uAD
+vybr6PbAzfrn9N/UI0xGnPWOXXet9YqFArp54UL9cDTT2r7Iw9V4aABKtxygPrtu6cOH3m2brzv
r3rtv++oz55Ddc1dd2j6zO+8kLQJlZo//vyzJMmpJyg8/+RTWlSIOO2rGTrjqst0zjVX6dsfZvum
etVxHD1865/Ur0+fJj+PwoIC/fW6G3XssEPS3DsAAAAASJ+xz47LecFSsh55brzGPjsuJ+cm/ESq
NvoA9MJTT4++XrpiRaNhZWN23T5+TsLGhrJLUkVlpT74/NPotjFGe+y4c8J927Zurf13q5mzcsWq
lXrwn081eo7xr70Stz1s730aPSZTNu3dWwGnZp4Qa60WLF6kw849S0WDN9fmB+6jy/70R2235SDN
ffdDhX6Yp/kffKK3n3xGd1x1jfr26qVFy5bqrkfHaudjjlThoAHa8uD9NfnDD1IK/b76fqZOPOyI
eucscRxHW/TbrNnXm2nWWv00/xedPOYiPTfxNT3z75c04tLRWrFqpS9C0AtPOV1HHXBQs9spKizU
Xddcp3Zt2qShVwAAAACQGaNvuUlvvTcl191o0FvvTdHoW27KybkJP9EUG3UAevRBw7Tj1ttEt5+d
+IrKyssbPObAPfbUuSeeFFc1Gqt923aqqKxURWWlyisq9OnXM5Lqy69LlsRtd+/cJeF++++2h9q0
ah3dnjp9elLzGk546824MGznbbdLql/p5jiOHvnTHTLGyHVd/TT/F/XYbSdtus8e+s+H78sYo0lP
/lPB2XP1zD33qV+fPtHh7pFjho+qmWLAdV1Za/Xjz/N0yDlnqGSrLfTo8882uoK767paX1am26+6
ut59jDEae9vtabv2TLHW6sb7/qqFMZ+h7+f+pDvH/j2HvUqP3t176KZLLk1bewP6bqrTjz4ube0B
AAAAQLoFQ0GNuPRizZ47N9ddSWj23LkacenFCoayv8YC4SeayhdzgDbVpWefG31dVl6uB55+ssH9
/37rn6MVo2vXr9eJo3+n/3z4ftw+Oxx1WJP64tr4wK6+Vbm33XJQ3Pasn+Yk1f7CJYu1cMlibdKz
lySpX+8+jRyRGa7rat9dd5O1Vp122k5r16+Pzlv55uNP6eA9925wFTljjJasWJ7we9ZaVVVX64Ib
/qBL/niTVn35jVqVlibcd+Wa1bLWarM+mzTY37123iX5i8sB13X1488/69V3/hMX+lpr9fTLE3TV
eaPUo2vXFjWUP9bQIUPUtVOntLUXWa3w69mztPO226lb586a88vPmjFzpuYtXKBVa9ak7VwAAAAA
0FRr16/X8AtG6tOXX1P7tm1z3Z2oNevWafgFI7V2/fqsn5vwE82x0VaA7rnTztp316HR7df+O1k/
L1xY7/6FBQU6+/gTo9vt2rTRBaeclrb+DOi7adx2fb/p6durV9x2Q32uLXae0Y7t26tPj54p9DB9
Zsz6TgVb9teadetkrVXv7j3k/vizDt1nvwbDz4hkwryq6mq13X4rnX/dNQqFQnW+/68339Cjf76z
0YWY6psfNB9EFj2a/NEHqqqqjrsWx3G0dv06vfPxhy16GPwxBx+S1GJZqejYvr2mjH9B911/k/5w
4cV6/I679cmEVzR1wis65aijG28AAAAAALLgh3lzNeLS0Y2OcMwW13U14tLR+mFe9itTCT/RXBtt
AHrFuedHgxXXdfV/Tz3R6DG1g6R0BUu9u/fQAbvvGd1esWqlXpk8KeG+Hdu3j9tetTb5irXVa9fG
bTdlRe102P2EY+W6rowxuui0MzX/g0+SPvbr779PGGgm4rquHvvX89psv73inpXrurrmL3fonJhA
uz7JBLK5Eql4nfzhB7LywtBunTurqLDQW1DKdfX2+1NUHQzmzf9gpmrX7YZkpN3az7WosFADN+uv
p+++VzeOHpP20BUAAAAAmuLt96fo+nvvznU3JEnX33u33n5/StbPS/iJdNgo/1/+4AGb64j9D4hu
v/fpNE2dMb3BY6qDQY19blw0SFu5erUeGvd0s/vSqrRUz9xzn9q2rpnX85HnxquisjLh/q1LW8Vt
bygrS/pcVdXVcduxc4lmk7VWjuPomXvu04O33JpS2PTu1I9TPt+CxYvUfehO0RCwrKJcE//xRFLn
zefqScdx9OvSJfpk+pfRezrmrHN05rHHR6tkP/jsMy37bUWLHAJvjNEmPbNbpVxYUKBbL7tSY846
J6vnBQAAAID63Dn2Yb3wxsSc9uGFNybqzrEPZ/28hJ9Il40yAL3yvFEqLiqKbv99/D+TOu6KP9+m
XY49SsddNErbHH6w3p2afOVibW1bt9aoEafqs39P1AG77xF9/71Pp+qPD9xf73GBQPwjqx1qNqT2
BMWtWyWeHzPTjDF66aGxOm34MSkHc7ObWGq/fOVv6j50JwVDQR19wXlx0x80JF+Dw8jw96demqAV
q1bKGKN2bdro0H3205EHHKiiwkJJ0q9Ll+i5ia9Fj2kJDtxjTz19973637jn653DNdOuOPc8dWjX
LifnBgAAAIDazr76Sk2f+V1Ozj195nc6++ors35ewk+k00a3CFLPbt104mFHRLe//WG2XnzrjaSP
/+Lbb/TFt9+kfN6Zk/6rQLjisG3rNurUoUNcCCtJE//3js76/RUNrurumPRl1gWB7D9+Y4yuHHm+
jj5oWMrhorW2zjD+VKxYtVIDD9xPP737Qd4Gm6lYsWql/vnKSzLGyFqrLTfrr47t26u0pET9+vTR
D/PmSZIeff5ZnX/yKXkf6JWWlOjmSy7TNRf8Ltdd0SY9e2n4gQfrmX+/lOuuAAAAAIAqKis1fNRI
ffnaG+raqXPWzrt85W8aPmpkvaNUM4XwE+m20VWAXn7OeWrXpk10+4kX/5WV8w4esLkGbtZfAzfr
r57dutUJP6+6408aPmqk71eh3nOnnXXXNdc1OYAsKS5u8rkDgYC+fnOSL8JPSZr84Yeav2iRrLVy
XVc/zZ+vkdf+XhfeeJ2WLF8u13VlrdXcBfM1+aMPct3dRl058nz9/vwLct2NqJEnnZzrLgAAAABA
1MIli3Xs70Y1WDSVTtXBoI793SgtXLI4K+eLIPxEJmxUAWir0lKdeezx0e3Fy5bp788mN/w90/50
xe/1z7/eX2eRI7+57fKrmnysMUZ9evRo0rGO4+ir199Oed7TfBw2bq1VZVWV/vXm69FtyfvN3JRp
U/XBZ59GK2UjQ+Wff/01VVZV5eX1SNKAvpvq2gsvyqvFh4YM3jpnC4UBAAAAQCIfffG5xtx6c1bO
NebWm/XRF59n5VwRhJ/IlI1qCPylZ52r7l26RLfHvfrvrJVxX/Hn2+Q4XuVh+7bt1KNrV+2y3fba
bstBchxHJcXFOv3oY7Xj1tvosHPP1PxFi7LSr2z793/eTnr+zUR2G7Jjysc4jqMZE9/S1lsMbPJ5
80mkqvOr72fKcRy5ritjTFx4GAk+I4sjTZ/5neYumK9B/QfkZQXsaUcfU2eBr1xr16aNfn7vY02d
MV1HXzBSy377LdddAgAAAACNfXachgzeShecclrGzvHIc+M19tlxGWs/EcJPZNJGFYCee+JJ0dfr
yzbogaefzNq573vysYTvH7L3vrr/hps1aMAASdJWm2+hp+66VwecPiLh/iE3lLY+RVZFz6YnXvyX
7r+h6b+tOmD3PaKhXzIKAgVaPPUzdenYqcnnzCfWWhlj9MFnn2rh4iXRis5zTzhJe++ya9x+L096
WxP/946stVq4eImmTPtEgwdsHm0jn2y+ab9cd6Feuw3ZQZOeGqd9TzlRa9evz3V3AAAAAECjb7lJ
fXv11mH77pf2tt96b4pG33JT2tttCOEnMi1/xptm2PknnxIXsrwy+T9Zn8cikUkfvKcjzz9HCxbX
VHzuv9vuOnbYIQn3r6yqituOrPadjMKC+H1rt5UN68s2NGsYdklxcVLhneM42mmbbVU568dmhZ/5
OmT8pUlvybVe5Wf3Ll30l2v+oDOOOU5nHnu8zjz2eJ113Am65w/XR4f8u9bVq5Mn57jX9SsrL891
Fxo0ZPBWGnli4l9KAAAAAEC2BUNBjbj0Ys2eOzet7c6eO1cjLr1YwVB25hmVCD+RHRtNAHrhqadH
X4dCIf3fU0/ksDfxfpr/i/7xwnNx7510+JEJ9y2vqIjbLi0pSfo8tRcQWr2u6SuqN1VBoEBzF8xv
8vGu66q0uP5rNsaodWkrLfv0S33+yuvNnlOyOX3NhMiK77/8+quMMTLGaL+hu6tdm7ZxYa21Vv36
bKL9dttNjuPIGKP5i3/Ny+pPSXp36ie57kKjdt52u1x3AQAAAACi1q5fr+EXjNSadevS0t6ades0
/IKRWR35RviJbNkoAtCjDxqmHbfeJrr9v08+1ufffJ3DHtX10ttvxW1vM3DLhPv9tnp13Ha3zp2T
Pkfb1vELAC1cnP0K2GAo2KzwORAI6IJTTo17LzL/5YC+m+rrNyZp3dcz1blDx+Z2VZJ0/5OPp6Wd
dInM6Xnp2eeoZ9du2qzPJjr7+BMUcJxo0Bn5Kiwo0KgRp6pf7z7q1a27Ljt7pBzHycuq1lcmT9K3
P8zOdTcatGjZ0lx3AQAAAADi/DBvrkZcOrrZU9y5rqsRl47WD/PSW1HaEMJPZNNGEYCOOeucuO2H
x+fHyu+xZs75UdXBmhLzDu3aJdzvl18Xxm337ZX8KtW9unePvl5ftkHzFi5IsZfp8dC4ZxQKNX0u
07uvvV5OOPDbbtBg/eP2v6hq1hz9+N/3tM3ALdNW4RgKhfLusxK5tvNOOkVvPfG0Jj76hA7ec+9o
+Bm7nzFGh++7v17/x5N68/GndM4JJ8W1kU8qq6p07rW/r1PhnC9CoZAeHvdMrrsBAAAAAHW8/f4U
XX/v3c1q4/p779bb709JT4eSQPiJbPP9Ikh77rSz9hu6W3T7q1mz9MrkSRk5V0lxsX55/5Poau8/
zf9Fux1/TFLHtm/bVgWBQHS7vjkRa1fJbTMwuZXN+/ToqR5duka35y3ITfgpeQHcb6tXp1S9Gsta
q+/eekdb9OtXJ/hLp+UrV0aHnOebosJCDR6wuSSvKra22BXgt+jXT1ZWjon/fYfrus2eIiCdPv/m
ax14xim67fKrdOAee+a6O1GLli3VBTf8IWe/MAAAAACAxtw59mENGbyVTj7iqJSPfeGNibpz7MMZ
6FVihJ/IBd8HoFece35cyPP4i89n7FwVlZUqKiyMVm8WFxWrpLhYFZWVjR670zbbxgV5K1atSrjf
Ox99qDXr1ql927aSpKHb75DUOY45eFhcUDZ95neN9ilTXNdVnz13VcXMH5sUwDmOo3Zt22Q0/HRd
V3333q3ZwwgyKVHwGbGhvEzV1UF1aNdOgUBAlVVVWle+QR3atYuGuqvXrlX7tm3zJgS11uqT6V/q
oDNP1eab9tO+uw5Vt85dctqnGbO+0/uffqoN5WU57QcAAAAANObsq6/UwM36a4ettk76mOkzv9PZ
V1+ZwV7FI/xErvg6AB08YHMdsf8B0e1fly7R2GfHZfSc3/34g/bcaWdJ3pyb555wsh4e3/jQ2RFH
Do/bnjrjy4T7VQeDmjrjSx2y976SpI7t22v0GWfpnscebbD9M445Lm57wltvNtqnTAq5rsorK9S6
tFWTju/euYsGHrSfZk9+NyMBXllFuUJ5HH7Wx1qrFatW6qKbbtAvi37VY7f/RdtuOUjX3n2n3p36
se697iYdsPseuuvRsRr/2iu64eJLdOJhR+S623XM+eVnzfnl51x3AwAAAABajIrKSg0fNVJfvvaG
unZqfMTl8pW/afiokUkVbaUD4SdyKT9KvzLkyvNGqbioKLr9z3+/HDfPZlMcuMeeOvfEk7T5pv0S
fv+1/06O277pkkvrXdAo4pC9940LKIOhoJ5/fWK9+z/10oS47d+ff6G27N+/3v2vHHm+dt1+SHT7
54ULNfF/7zTYp0xzXVddd9mhyRWWgUBAHzw/QUeNOjftVZqu66rbrjvmvPrTKLXq1sgK7zPn/KhJ
H7ynL7/7VlOmTdXi5cv05IR/6atZs/T4i89r6YoVuvORh/XN7O/1wNNP5uWcoAAAAACA1C1csljH
/m5Uo9lHdTCoY383SguXZGdxZMJP5JpvA9Ce3brFVbat27BBDzzzZLPa/Putf9Y7zzyrx++4W1+8
+oaG7bVPnX3ue+IxzZzzY3S7e5cuenf887rqvFHq2L593L69u/fQbZdfpQkP/V0lxcXR959/faI+
+/qrevvx/OuvadpX06Pb3Tp31qQnx+mkw4+M269zh476y9V/0O1XXRP3/h1jH0rugjOsvKJC1959
Z5Pn2OzepYsG9N00LSveRVhrdc1dd+TFYjzllRUp3ZvI0PbBA7bQcYccpn13HaoD99hTXTt11oWn
nq69dt5Fo0acqk4dOujG0WO018676PJzzpO1Nmu/8QMAAAAAZNZHX3yuMbfe3OA+Y269WR998XlW
+kP4iXxgNKBv/q3wkgZ3XXOdfn/+BdHtp1+e0Kx5LQoLCrT2q5lxQeXLk97W8RdfUGff3XfYUa+M
fazOIj9l5eVasHix1q5fpw7t2qlvr95xFaqSN//GgWecolVr1jTYn5233U7/eWpcnVB18bJlWrRs
qUqKi7VZn03UqrQ07vtvTnlXR5x3djKXnBXGGM2e/K626LdZk453XVd99hqqTu076Nu3Jjd+QCN+
mDdXg4YdkNOFjyJB5vUXXaIbR49RYUHqM1VEpgWw1sp13bj5QkOhUNx2ZVWVbnvwAf354b/l7aJP
AAAAAIDUjL3tdl1wyml13n/kufG68MbrstKHfAk/9z/tZE2ZNjXt7do5v6S9zQiz+aYZa3tj5MsA
tFVpqea++6G6d/EWUAmGgtrlmKM0Y9bMJrdZWFCgNTO+U2lJSfS9l95+SyeMvjDh/kO330Fj/3S7
hgzeKulzvP3+FJ1/3bVJl6AfvNfeeubu+9Sja9fGd5b01ntTdMLoC+tdYT5XHMdRxcwfmxT0SV4I
WjhogAoCAVXOmtPkflQHgyrZaoucD32XvBC0c4eOunLk+Tp03/2afG8aU1VdrUnvv6e/Pv4P/bZ6
FeEnAAAAAPhEQaBArz36uA7bd7/oe2+9N0XDR41UMNS86QGTkS/hp0QACp8GoNdeeJHuiBn2SEfI
KgAAIABJREFU/fb7U3TYuWc1u917r79Rl509UsYYrVy9WieMvlDvTv2k3v0LCwp0yZnn6Ixjj9N2
Ww5KuFhPdTCoz77+So88N17P/PullPvUp0dP3XrZFTp22KHR1edjWWs1c86P+tszT+mR58an3H62
GGNU9f0cFQSaFvRZaxUYuJmMMbpp9KW64eJLGlwlvbZgKKiiQZvnZQCY6Tk68/GaAQAAAADN165N
G3368kRt2b+/Zs+dq12PO0pr16/P+HnzKfyUCEDh0wA0k3baZlv17dVLU2dM1+Jly5I+rk+Pntpv
6G7q1b27Wpe20tr167RwyRK989GH+m31qmb3q6S4WPvsMlRbbzFQ7du2VWVVlZb+tlwffv65fpg3
t9ntZ4MxRhu++T6uyjYV1cGgOuywjcrKy2WM0UsPPaLhBx4kx3EaDBHLysvVZrvBchxH1lpZa+U4
jkKhUFMvJW2yMSSdYe8AAAAA4F9b9u+v/zw1XsPOPk2z52Y+H8i38FNqeQHolGlTtf9pJ2ek7Y0V
ASjyijFGH7/4bw3dfkiTKh+ttdpx+OH66vtZ0fbOOOY43fn7a9W9S5douBnZ97Ovv9JuJxwjY4xe
fvgRjX/1FR2yz746/ehj1WbbwVkZFgAAAAAAQCa1adVa68s2ZPw8JcXF2m3IDhk/T6pmzJqp1WvX
pr3dTIW9mQpsN2YEoMg7xhgdfdAwvfzwI00OQSe8/aZOuuSiuDYlaVD/ARq29z46+qBhGvvsOL34
1hvR6sfTjj5GH33xuXp27abrL7pEwy8YmRfzgQIAAAAAgPy039DddPOYy9PS1nvh0POWB+5LS3uo
QQCKvFUQKNDEfzyuYXvtk3D+1Ma4rqtDzz1T73z0YVJDvGOHgjMsHAAAAAAAwB9ST5WALAmGgjrs
3LMUGLiZ/vHCc6oOBlMKJR3H0X+eGif3x5918elnNrp/bNuEnwAAAAAAAP5ABShaDGOMSktKdPMl
l+mYg4dpQN9NZYyJfkmKLmJkrdVP83/Rq+9M1h8fuF9lFeWEmgAAAAAAABshAlAAAAAAAAAAvsUQ
eAAAAAAAAAC+RQAKAAAAAAAAwLcIQAEAAAAAAAD4FgEoAAAAAAAAAN8iAAUAAAAAAADgWwSgAAAA
AAAAAHyLABQAAAAAAACAbxGAAgAAAAAAAPAtAlAAAAAAAAAAvkUACgAAAAAAAMC3CEABAAAAAAAA
+BYBKAAAAAAAAADfIgAFAAAAAAAA4FsEoAAAAAAAAAB8iwAUAAAAAAAAgG8RgAIAAAAAAADwLQJQ
AAAAAAAAAL5FAAoAAAAAAADAtwhAAQAAAAAAAPgWASgAAAAAAAAA3yIABQAAAAAAAOBbBKAAAAAA
AAAAfIsAFAAAAAAAAIBvEYACAAAAAAAA8C0CUAAAAAAAAAC+RQAKAAAAAAAAwLcIQAEAAAAAAAD4
FgEoAAAAAAAAAN8iAAUAAAAAAADgWwSgAAAAAAAAAHyLABQAAAAAAACAbxGAAgAAAAAAAPAtAlAA
AAAAAAAAvkUACgAAAAAAAMC3CEABAAAAAAAA+BYBKAAAAAAAAADfIgAFAAAAAAAA4FsEoAAAAAAA
AAB8iwAUAAAAAAAAgG8RgAIAAAAAAADwLQJQAAAAAAAAAL5FAAoAAAAAAADAtwhAAQAAAAAAAPgW
ASgAAAAAAAAA3yIABQAAAAAAAOBbBKAAAAAAAAAAfIsAFAAAAAAAAIBvEYACAAAAAAAA8C0CUAAA
AAAAAAC+RQAKAAAAAAAAwLcIQAEAAAAAAAD4FgEoAAAAAAAAAN8ykmyuOwEAAAAAAAAAmUAFKAAA
AAAAAADfIgAFAAAAAAAA4FsEoAAAAAAAAAB8iwAUAAAAAAAAgG8RgAIAAAAAAADwLQJQAAAAAAAA
AL5FAAoAAAAAAADAtwhAAQAAAAAAAPgWASgAAAAAAAAA3yIABQAAAAAAAOBbBKAAAAAAAAAAfIsA
FAAAAAAAAIBvEYACAAAAAAAA8C0CUAAAAAAAAAC+RQAKAAAAAAAAwLcIQAEAAAAAAAD4FgEoAAAA
AAAAAN8iAAUAAAAAAADgWwSgAAAAAAAAAHyLABQAAAAAAACAbxGAAgAAAAAAAPAtAlAAAAAAAAAA
vkUACgAAAAAAAMC3CEABAAAAAAAA+BYBKAAAAAAAAADfIgAFAAAAAAAA4FsEoAAAAAAAAAB8iwAU
AAAAAAAAgG8RgAIAAAAAAADwLQJQAAAAAAAAAL5FAAoAAAAAAADAtwhAAQAAAAAAAPgWASgAAAAA
AAAA3yIABQAAAAAAAOBbBKAAAAAAAAAAfIsAFAAAAAAAAIBvEYACAAAAAAAA8C0CUAAAAAAAAAC+
RQAKAAAAAAAAwLcIQAEAAAAAAAD4FgEoAAAAAAAAAN8iAEUeMzk6diNjon/UbMqo+ffQRP/maQAA
AAAAgFwhAEUeMzF/m1rv1X6tWvsSuSXHSFYK/yHJyBpv24m+V89xCZ9L5D0n7n3L8wAAAAAAADli
pAZTDiCrjBQO4IyMrKx1JLlyJBWE93FMzYfWWu+1leRKcsMf6Zo/JT7iyYgEl969dqPvOwqE76q3
5e0W2XZtzLNQzXOI/stiHMnWtAYAAAAAAJBtBY3vAmSeMUbWWhVKaldUoM06lmhAj04qULUKQtUq
tFbWKpx+urIyXr4mLyo1xkrGVZVTpKAKVWkdfb9kpRavKtfaqpCqc3t5ec67fwXWqlWRo54dirVV
v24qDUiFtlKOQuFoVLLRylAvAnUVU0ZurVxToGqnSEGnSL8uXa05i9dr9YZKVVojSxANAAAAAABy
gApQn6h5kNmqegxXaCb9EYqWBIa3vWMKJHUuKdAOm3RS9yKrQhOK2b+eZpI4lVeNWNPHkFOglZVG
0xes0OL11eFIr6Yf9fXWD2KvJXrVxlGBddWldUDb9++qHq0cFSoo17qSqT0faG1WxsS3aiVZU8+9
DLdXaUo1e+FqfbdgrcrdmgpdI+tV/VpvK5nPVWSvmvjVjflePdW/qT5UIxnrn88BAAAAAAAbKz/l
PJAUSPBebOzYmNpBWaJ2Ih+a2K+GxX/MHOOojXG1z8Bu6h5wJROStUYBOeEQzdY6tv7NhKeq1V/v
bS8OdeXKmkKtV6E+nbdUv6wNhqOz2CuT/PNjETslgBcX9mlfpN0H9lJrVUhO0IsvrePtVSvErHu7
wzF7TEgafWL1BKBxrRkjY62scbR4g9V73y7zwlDryMiNhviN1YsaeZ/1ZP4BSxgAJ9gn9noiFa8h
AQAAAACAlo4A1IdGbNVHbYPrax6skWLXuwqvcSPJm28zLvyptSJ43YNs3EHPzFqpqgZ7EwngvL8H
tivUrpt2VnGoOjzfZyQ+C38UjaMGP5KmgQS0dlZqXVlTsyCPsd4f1rgKKSAjVzKFWlxh9L/vl6ha
3hyiXk/88mPhhYkBScO266nuJSEFrHdtVlbGOLLy7pOVlQmXYsZXeCZo1UQWN4rsZRsNp70zRZ6v
kTVe31ynUF8vWK+vflkbDhxjw9D6rko6a6+eCthqydRMhyB5H8/ax3oBralZtinm8x/dCDdgrJVr
jL5eUK4v565v+KIAAAAAAEDeYw5QX0mwarqp/b0aNmFgVTf4MpKstd48m7KSAt48nEmVlXrVh9t0
KdVO3VupwLgyoSpJjqxxFVlRx1qFo8fYPqRSu1rrrJEFeOR6QaecaLhrZRRQSJIjuUH1KrE6ZfsO
Wm9a6bUZi8KBrj9+N1Aiq+G79FY7bVDQVsoo4IW7cSFhJKCuCSdTvvYkHpNbp37YE3ArtF2vQm3f
p5vW2DZ6/eO5qkqiDzYydL72yRNksTUTMCSqAQ1ft/Xed40jb0pZRwAAAAAAoOUjAPWVSKjj1lQw
Rorbag9PrlX5GamsNAmCzci2jQRYpvaq3pGgMX6osTXSJsUFOnBAFxW5FXKtG32/Zs5G20DxYOrh
Z7jIUzX1iabOfJJelaPxqk/Do74LFFBHt0KnD+mqDSrRizMWyI0eFr8uen7yLsQJ53hFRjp+101U
bCvl2EpZFShgwmu0h2+rE54SIJpAx0ai0c9N7WdQKxy39c/9mVjsXJ2R2lHHW9vKSh21Tqfv0U2r
3RJNnDZf1XXmBfWOqJn908a1Fb4TCcP5Om9Ff0dQ69lGP8T5/swBAAAAAEAyCEB9qaGZPNOhdnWe
F6JZUxNmtjbSMVv3UKlbJWtDkgnIKCSrfKyq8+6Taxw5Nqi2qtDpO3TSt4vKNGNphdxouFvfDJK5
Fn4e1uvj4dv3VtfCShm3TE7CWWGTbTZTn5+EJ1PA2vDwdaMOTplO272rlpUX6u0Zi7waXmvlysTU
qTazf5GgPJuXCQAAAAAAso4AdKPQcMLjVU3GzoNYe0mYRAfUbt+bG9SR1b79umizVkaBUMgLtEzQ
G3BuTbhiMNl+xy9jlLJwNWTDOZ6JeeVKtkDWWBW50pCerbRNz46a8M1ilYW8KlqbfOezxoRLHvt2
KNX+W7SRUZkcGRnryDWR2Da2QrKRa2hq8Jly7h4bpFuFwlXJjqolGTlG6llarTN3763P5pVp5uLV
8oaoGznRitXGT2ZjK4zz7/EBAAAAAIAMy8dyPDRXnXAy/SeIj0WtjBy1c6xO36aH+rdy5Vg3bmh0
ZJma1PPDJlRbxpwjNstr+NThOTCNK8dKrvEqJwtVoRHbdtNOfTqEFznPt+pPr+fHDumpgzYvVcAE
o6ujuyYm2E54VPr7kY7jrbwV6Y014aHuVRo6oFin79VTJd4O4R1TOaOt9QUAAAAAADYWBKC+FbMQ
UhJ7yphwWtjAMeHsyCgkY53oHImOjIb2aqcTB3VWUajSqzCMmefTWCNZp4mxUxOHnSe4lEQtxE9f
GZ6T0njDrR05khw5CmqHzo5O2L5nTMm0o2homismoHaO0Vk7d1enggpZOTKuUxMgxl1xzc2wsrIN
zWlqbZPCTBtz05v3rCPt1XCsqyJV6/Q9u2nXLTp62acJL27VWKtGtT7flIECAAAAALAxYQi8H9nY
F+kPe1wZBayrahUoIOn4bXurNFShgFxVGScNH6qEUWWzW039/PHlo21UrjN26K7x05eqWm50CZ/s
rxjvTTUwqGuRhvZrLceG5MqRI+/v+guAjerJROuw1jZrDtDkjqx9z+q/h64xclwpGAhp264BbdGt
t2SrJROZFRQAAAAAACAxkgNfiq2adJVSOGcbHipsJAUkBQNGBa6rkwd1UtvqMhVYKShHBQo1s++5
DD/rP48XczoKmKBO3aGb2jhGMuEq0JRWQW8+I6th2/XWHpu2kawjWStHbjgEdaMdTvQEI4WQDWab
je6QZcarOnYdVwG3QNYxKpY3v6yxRmqomrWRdvNwSlcAAAAAAJBmBKC+Zet53cxWTbgaz0qucRUI
f4Rc43qreDdn1fE6mj9cOeV1eRQbHMYe7S0d5LqOCmxIJ2zfWV0KalZfz2SOFtu2I+mYHXtpk+Jy
WSsFXBsdeu71xqmn8LelJX21hsPbgLzh7t7TMfI+b25j0zY08cwmQR8AAAAAAEDLRACKBtQXAHmz
SBrryMiVNeEFa0w6IiNT66v5rSUnJiQOn9rW+o43r6ZXbRiwroZv3UldCwM1waNpdH31JrHhTjmS
jt+5jzo6lXKtd1bvnkdC0Jj+19OKjfmv/hPacCVwZjX8pG3cSyMrEw6aTeTaVXc5rox0EgAAAAAA
tGgEoL4UX7mYjRQnfihxulbazvZq3eGo0SYzqj0gyerIrTurbcCR5MpY6wWhGeAYq+N37qN2qogu
MmVNw0Fms558FofAN+XTYlMYvh6Z1aFOppvUcwYAAAAAAC0dAagf1VkFpyWWseUymYoMKTfhV/Fz
otpIHahx5Sio47fromJFVkFv4nyUDXAkDR8SCT+9/tlwFaRJdY7XZGQ5/GxUou7YVMN9W+c5AgAA
AACAjQMBqG9lr/pTql1Jl87zZi6wMvWWENY9Z/yckN6iQ8Z6w94d6+rUnXqqIE39jP5QGm94/YGD
uqmLUxE9u5GVE56CwNs79Xvd4GD9LA2Bb3L4qchQeEnWbbSv3jShkYWdkvlsRp5/S/zFAQAAAAAA
qI0A1Pf8Uu2Wf9cRmZdSsgqEynXSjj3CM3U2jxsO3hwbUs/WAW3SJjyw3jrhKtP8uxc1sts3k5Fq
1Xy+vwAAAAAAIFUEoH5kY19kZ8hvZuYArXOWDLTZVCZu4SHXBFRiq7T3Zh3U/MpB7zqLHOnQwR3l
WFchGbkmO8/SRKslU5WBvjXSpG1mpWqy84gCAAAAAICWiwDUl2qGarf8OQ8zk1A1Fnw1+v1aW461
ClhpQEdHnYqa12cjqUDSyTv2DPfFC1udLD3HZp8lyQZynj3mvAMAAAAAACAbCEB9K7ursGd2DtD0
a2z170a/H11Ux5tP0xpH1hgZKx29TVc5khwnMkdn0r2K7j1sq25yTKU3T6lVZNklSZFIO5WENsXn
YRttvWZXE2k/5jTJrs6edH8a+mZLXeQLAAAAAABkCwEoUI+a+lnTeOCoSChpZRTSsK17yXVdJbMq
fM0CS1ZWUueigHqXVCsQcuKCz8heqcd9qVcC25QWQspdhbEJ/wcAAAAAAFAfAlBfigRSyZXkeev4
hAOvaEVfalFbduYATZ/k5n6sew31rhtvvC8jI2OtNikqV2mSP102/Gdk2s2jtuuikBOQZGTrmYsz
hSeT9J7RtiNzgDY6D2j+P2cpnOPWznPDa0k1VukLAAAAAABaPgJQPzK1N6iQS6dEdzMSpEWCVWsC
Om5I7xR+wIwkR/sM6CjHhuRY6wWqjS0ClNR3U6z+bKiL0RdZDD/T8vGNTFkQSUPT0SYAAAAAAGgJ
CnLdAWRKbBVnw2mPV/TZzIV7bGxVZewiTEkdXWv/SCWqlWxDEWJspauV4gZD116mqPH7ULdXsffE
RuOzhAGoJON6L1zj3fdiVah7SYGWVASTeAJWhdZq8/ZFMgqFz27rOc6R5MY83QQ9ip2bM+6KrFcJ
Gf1+7BWFX9vwaxNedslYucYqaEq0an2lfl1ZqflL16q8WgrKG+Qf6YsjqchIm3RrpU26tlbXtqUq
UKWMDcmYyDXVJLtudHGn+u5s85m4e8EvAwAAAAAA2NgQgPqRrXcjO6dM4bzesPFIRZ4X7EVCuOj3
omoHdjWViDZca5l4/7pSG/pcO0ytJ0aLrAVkJRlXASsdsnVnPfPF0ugxNrpjbJve6+N27COZiiT7
k3qgGz27id2uCT+js5Ca8Hh+Wa0JFWva7CVasi6ooJzwaSORZ2wAXaPSSjOXlmnW0rLo6vVtC6Rd
BnZTnw7evKYmXN7qyJXkyIbD2QYvFwAAAAAAoAkIQH0pkha5MdvJLs1tmxY21ZkDNDmOralg9KoT
vZAtZBwFnQJVG0fx/bcqtNUqdIMKyKsgtMZGKwtr1TI2qU+RSlYTPS61BM6LBgNyjZXjVmvzjq30
w+oKr4fWJqzrLJHURpWR3LFWWw2fKRVe9WfN6vXhd6PtGRNStSnRF3NX6/vlZQrFnc2NmUezdvhZ
u5I08o6VK2lN0OidWctkrNSzbZEO2K6nCm25HLlyw/F1LkaleyE7AAAAAADwMwJQ36pdYZifMU+k
7rAiUKLPF67Qr6urVOF6Q6sTV0t67zmyCkjqUFyg3Qd2V0dTqYKY6tHmXm7iADW59cYjFaDetABG
e23WVj99WaaQnHD4Gal0rXHkjr1lnQoFXCM3pb4nc7Gxc3bW3jd8b42Ra6X3ftigeatXet8xTrja
02ujbnCbYOqCxK0rMu+mldGidVUa9/Ev6lTo6Iide6pQlbmZkjM/fyQAAAAAAECaEYCiAclXGDY8
B6iJLuojY2SMUci6qjYF+uiXNfplbaWC9bac6PxeVaEraUVlUK9986uMpFaSjtypr9oG13t9sJGw
MX3xWjJxYygyUjw896RRSJ1bFWhZWeQqa/pjjKMi66qdqQyHn8nccyPv6pO4rpiKT8krdzTW8Vat
l5E1QRkZLaks0n9mLKr1HNxaDSVqPFU2+tfKalfjP/5Vg7u30a79W8s41TJugaxxw1W9Jp2PLoUe
RuaddVksCQAAAAAAH2jKRILIcyO26qU2wTLFRnWmsUWOIt+PBJXem6pZkEhx6V9srmaMiTlGMTvX
tGONleN6wVuV42ridyu1JryLG/0UpvpxrJkT1FFkjW9XRZIO36qXOhV4FZVywtdUt5M1zdTufdwi
QUkcUuv+1j5VlSnWuC9+VZ3FmIx02KAu6t3aO8jE3f9ad7GeaQbqLILUwKOO5qvGmzKgyinSi1MX
qSKn/xI4KpKrk3brqYAJqsC4Xn2vsdE+NfT5rTtXbP2POuHNqTUhbOR+fr2gTF/MW5/sRQAAAAAA
gDzV0BLb8I1sj/WND5Qca+VYR66xmrayWs9+u0qrrYlWcTY9eKsZeu3KlQ0vw15ljF6ZtUjPf7NS
lYHwmuoNriaf3HWkovYdL7LlKoy2WTOnqWOlHq0UvRFuTNAXPXuDYV5qz9abM9WVK6MNtkjPTl2s
iriTZZnxelUlo2enLta66sJwFWqowcMirKxiJiZNvE9k9D+/6gEAAAAAYKNEAOpHpt6NrHOsFHKM
yp1CjZv5m75ZslZB1SwEZKTo+u1NSajiZuW03h/e0GmjciuN+3qFfl7vyMaEpfXKUEDmDcS32r1/
R9Wej3PLbm0UsK6kUHjodX2VpHWnFWjwhIqNh2uOdWxIVka/rnf0wmeL5Bormdz8M2CinTThxZIc
/fvzRZqz3EoKJDm9qalTfZuYrfUFAAAAAAA2FgSgvpV6dWCzzhY7qttGqhsDChlpWXWhxn+7WFWS
aodPVpGZJpsWSiVaUd1aN/wdb2GfKXNX6M0567ysLDonqDfUPG6odMxrY71Yrua/VPoUz0gKKaB+
HUvqLKy0U98Oco2RVUBGrkzMvJsm3I9IsFunk/WJWcU+En4a68oab47R75ZbTZ65zLsLVjELHWVX
7CD+2Hv28Y+r9eX8Spnw3LGO6u+fSeJjY8Jzz4ZfKNe/FAAAAAAAANlFAOpHts6LzJ8ythDTWG+o
tUKaV1Go139YEhfGZZORN8fo4rIqvfDtb7KOIykgm1TVYETq97FuCGpU6LpqW1BTsVhipBK3vN54
NR1Pz1jvSbjGq6hcXFGiafNWyc3LENALaY1czfh1rWYvDypkAgoZp945Peuf6xMAAAAAAMBDAOpL
scOlk1wtPE0iZ3JsSN+sDep/c5dFe1F7oZpMM7Je0Gm9lb3XuUbjZiyTdVw5rvWqPBvtUnqGTdvw
yu27b9EpsmqPdujbXsEGF6m3jRQrJuqXjf+u8QJpY6QKp43e+mZRPcflniNJ1gvPZY0+/HGlVlUF
5Fjb8HNqZA5QAAAAAACwcSMA9S1bz+umttHQXiZuyzUh/VxZoE9/XavYiRyzHVNZOTI2cn5XVlKF
HD034ze5jhO3ZyZ585yG5Bqr7q0Koqcc0LWVHLdmSH583yMvGkz+6hxX99xGxhpVq0AvTPtZspEf
+vz70a8Z6F4Tmb/62SJVOsXhSs/wZAnhj1u0+jOlat7G1QySp7wUAAAAAAA/yL8UBC2OUciLOa03
W+Zaleideb/VqkXMBTd85siqQF5gWCbptVkr5DoB2cjw8EbCruYO37fh2UcDCqpIrookFdvKmKAt
vn3vnYbmq4xfTT7+yJi9jJG1Vi9/vkSh8EQEXoyYm3k/m+KFD38NV/GGw+PwCvGRCt5k5gFtMjJQ
AAAAAABaPAJQX4pdMCfJRV+s9b7iVh1PNv1x5FjJmpCCxtEr3y2VsZGFbfLrI2bCq8Qvr3L09ZL1
MsZRwA3JTXCpkbXqY8PPpi+h4y3K5Firfu0K1LNNoaSAImFe4iMSL/IUr/7eRFZZ/3ZZSOtb5Chx
756FJH25oFJSKLxIVBo/UwScAAAAAAD4Xn6lU0gPU3ujserGBhtI8pze3I2vzv5NQaNo+GnyrNLQ
ejODSsbV50vKtcEpkqJD5TN/dsnRLgN7as+tesaEm/Wd29akmHXakZJ5TlWmWF8sWB2tfm1pTLhi
9av5a1QVKJH3rALNaDHmPpiWeEcAAAAAAECqCEB9K/nqTyN58yiaptU3WuNKVlpWVajVQTdmckY3
DwOmyHB4r48vzlgkaxyZBMuJmwTrszf9ekx4ALpU7Faq1C33tpK654mGuTc+ZN/I1aSvFykU7XRL
K3c0cdW3r37yq1wjWQWb1Wbjc9JGQtKWdr8AAAAAAEAiBKC+l/kI0rVGrrWaNGdpONDLv9izLi/k
Clnph9XNCdRSO6MX6bmSa+WEVztvWOohXKSatcwp0YqK2ArclvBcYtVUa1pJZdWuqpzSxm9ZWs4L
AAAAAAD8ggDUj2zsixSHPtvYY5I7LiBpfqhEQUk2K0PJ08fI0Ye/rFQoED9Uv6GQrfErtEndwsZv
VTJJX91GrPGqP9/5apGvoryQAnpj2gKlPqUDAAAAAADYmBGA+lIkIGpCANoE1jia8uPiFjdo2Ehy
jZVrpHlragLQ+PAzsk67N3to0vczbonyxvZv6vNJ3LaxUrUp1vKKlvQ0GuZdSUirK62qneI634+d
TTXzFaIAAAAAAKAlIQD1rXSEnomTJBs3N6ZRRaCVqo0jJ01nzRYreWWYVvpo7mpJXiBqw6uPR/Yy
0WHY3vyRdWcGrc0k+KqvB40thBRpr6Fja+9utGBNVbTHflBzpUbfzC8Lv/ZCa2u8xaJs+FabZn4I
bfSZuS3rAw0AAAAAABIiAEXKnLix267+M3O+jFy5LThuC0qqcErC4WbNIjneV/xiPJnJxBq6d/Wd
sW64auXFgh/NXhHtu59YuZr180pZ41Uee0zsDmm4YkPuCQAAAACAjxCA+lIkvkl+JfiUWjeSayJ1
kEYrQy2/UM5K+mn5hlrhbuKriizzFP1q8u1NpkK0/n7UtBEvaAKqMk6ja523TI6qjGSV04HXAAAg
AElEQVRtgSQra0JyFaqZujaByPda2PS0AAAAAAAgTQhA/ajOHJZprgK0xquRs1LQCSgoxVTetdyK
w68XrVbNVbgN75w1iVK72IA7niOr6oI2knV9FX2a6N+uJEfLNrhyrCsrIyfmn7H6P30pzuEKAAAA
AAB8gwDUtzJT/ek1bWVcR9aRVqtmQRrbwsOlCleqdAJyrGTlhGf7jPxXI7LYU/Qr45dc+xnW/1xd
GU37Zo789qMdVwtrXX07f5VkCmXCM886qv+Tbkz4D5PBnwkAAAAAAJC3/JWSwGPr3UgLY41kXElG
MxcsTXv7ueJKcmxkeH92KkAbj+JSC+uMpEXrJOVNBWtm/LqyUkHrTUaQ+QAaAAAAAAC0ZASgvhQJ
zdzwV3oTotgV0pdXhNLadq4FVSApHPJKqllWKBVWyY22tjFVs4l2TCb8tLW2jCqTPLIl86pwQzLW
in/GAAAAAABAQ0gOfKvxxXyazLjhlX+sqoP+qTS0klZXeoGnrfOjkeI9NLbmK8Gx6Qko67ZtTWSm
S3//aHuLT5nwSvD++QwCAAAAAID083dKgmaqP/Sz5v/Zu/N/War6/vfvVXufATzgUeCIoihGjSiK
A18hatRrjI84xBhFRaNxuBz+qCPghCjGr2OiRhPzFfxev2EQfBi55EYxMomAMghn3Ls+94fq6q7q
rmHV2FXVr6duTg81rFo1dX/6s9aKcvB2JtT82Mnp+M6uAnMylxxEqGq/kS7jLynO/Gyy/OzAatR3
qeZdFExV1PeqyZnJtFV7GbnLjh9NtwoBAAAAANgY2+suALrUcfTGjXnIo1V5IcnhbWP+KPDzsKgl
p5ueOANUFs5Gd0+/570QApwAAAAAAEweGaCTtBwCKo7yRLEyi/5cPH1BVuKsf8xxj/meZda7adxy
XVJWHSTzL6NAXL21rY4vv1qe9L9ZJcmY300/qrdcI6nnFTafAZQAAAAAAJg+AqBT5HKfFKgeCXI2
tQBo33xCyMt5qVmPl2fJzxCdiuSWJQPQ/kH5osGnOKoBAAAAAJgSmsBPln+/klHSZ4VYuFsE2KYY
YoszPCUt9dUZv7ZUs5WbUrucJRdNH6+obMpoVHSncEPCeFFdusQzZz5ZuakQ6tJ70w8gAwAAAACw
ScgAnSJbeYAKzC0CaFkhsHbDYmVLq7a2eAx4S4VxAQAAAAAANhcB0ElKZgyGqhQIs1Tvlm0XbNDS
mZ/l0+QzzypsGvxcXYGzUFvpTkwBAAAAAAA2GgHQybKcx8jjW0teOZnOFn9FS26UTpoRAJVpr1Ze
njCaqQMAAAAAgGIEQFGA4NIyv7iiy/hrtMCM5ccdjy4v2+mi55+hjTq1bWOivQAAAAAAoIYNipJs
kuQgLv6DIWGhqMbW30lA3sjw0TsvevZBRV0fbIrVOgAAAAAAAIgRAJ0it/yEAKgvJ6msC83l2iwf
cTxPWQg1L8xaPEr5/t1Tm3Viu6W+W732x2b2cwsAAAAAwCbaqDjJZiHwWVey1rLCY8nG507Nxhvy
20Orzdzz5zTJdrRfktzmnN4u+a/X/ijKjo5fJzgKAAAAAMAUbE6EBPDUZ9irfF3VgtjR1IHe/urz
NqRvzNVtbB72ny2hSWQbAAAAAAAMBgHQKbLkA5r5VhE3oY6btdcLppln1SczDbMm9Fn78nxOzoU6
uOeUtua5qqiNUwcAAAAAgNEjADpJcdCLAGgVy7XWbGG2+CtaWqP45OqyTVJgobYs1CvPO6N43QAA
AAAAABuAAOhktRH42qzg2XxrGydNuoy/opXW7a91NcPTSQpdIGemi887PTrBnZu/R0ZoBeaoLgAA
AAAAJoAAKDAh89HQXaCtcFevee4Z864sLTUFAAAAAADAZiAAOklxkMsjAzGe2iz6c/7zbapkr52m
RX+h3kxyqQb3BRPWKJubldCc9Irn7Nf2hvUFSogXAAAAAAAkEQCdIrf8ZHOCX6Mw6xfUeYXqqobz
omWbnJxMTtLllz5PQdQ7aNWSjoYl/vULSNM/LgAAAAAAm2K6EZGN55/FGSV9ullfkQRLXUlMLM6n
nP/ViKGFkh554mgiE7QtcU+fUSkDC3V6+JRectZ+ZY0YPxUu8W/gtT+Kzo9QWf2rAgAAAACAcSIA
OkWW+wSeug19OTkz/eTuYwpd2GlJQnNyCvRnLzxdp69EBjk2AAAAAADA9BEAnaQ4aBZqkc3myVK9
W7ZdsHFovNlWWoXOSUdD6ZTbGw/SnjVV04LIOdOuAklbuuK1z9IeSXLBbMmc/gAAAAAAYPqIgEyW
5TxGkXlT6qZV5mzxl1P/oaTb7vmjwo7yTaM1b8lpV4GTnAv14UufrT0WMiI8AAAAAADYGARAUWAz
+0BMbnW9EKHL+Eu/u+uif//zoackl8zZzTglU7MnU0uDlWWvliKM+hk1kyzUXjulv7vsXO2Zz9l+
L6T9chlZywR2AQAAAADAAgHQSfMfCAkLyZHEu6i5OHRpknZdoLv/sCNzJmeSZfUJmornJfdn1WCf
k5m0ZTv6yKXP1hlBPGJ8MIEjJD/gDAAAAAAANhsB0Ema7mjfXXKa1ZwrDivG083/alSvs1nQ0UL9
+O5HZXIyV+WETJYiW9a75qKMyT12Uu9/7Tl62Tn75RSOOwia34kqAAAAAAAAAdBJcrlP4KFOQLPi
GhIrCbQj6b6nJFMYZYEWztukcE6BTIFMpi1tOdPrL3iaPnTZ+dpSKNuoY6Woufwm1QMAAAAAANNH
AHSyaApclW9jctNSg+uKXU6anDRv6h4t7d/uekS7bo9HNqN/du/qERDKojCrpN3Za1s63Y7rY5c9
Sxefd6YC51K9gjolLxJ1LxeLksSP2rvw1O3vs6i5/Oz1rO4IAAAAAADA6BAAnSJbeYBBM52S9P8+
dEJm6ZBc49HoU9LBPlMUEnUWast29T+eu0cfv/SQLjhr//zCYHLzgZmcqgYEF0uJ1x/nXIYE5wEA
AAAAQE8IgE5ScpCcUARC+2aFLaxd4r/xK07Sv9/zmHbdnkS4UNkL8C9Fxtxu/j+TSS6UuUDOoo5P
t8JQ/9efPE2feN25etOFz9EemQKF0qyP0mrCxHZI2zK9/DkHtD0v3Zo5j+4OBlBMAAAAAADQzPa6
C4Cu2NJjMu56tZK6WVT/s5HYXahv3PGgLr/4mdGr8cjwnRVScrYluV3tOqcti8oQx29fdOYJvfCy
s2Xa1m+Pbeumn92nU4rCmmW5oE7S1uzxRecf1Cued0BbOqHATI8/eUr3PREvacC67wwWAAAAAAD0
gAAoCmxm+puzprGv6jM7hQpMemzX9IedfXrm9gnJZlmXVi+Ane7Jc5EPGu/VQE6hQsmiDNTocTzP
jqRAWyZJu3ru/lBXXHqOnIuase+4vTrl9ip0gZ566pjMTAcOnK7AdrXldrXPTsosnGWPmkI7Icnk
Qqe3XHRI1/8/9w49/BmJqw4AAAAAAIwWAdBJSjeirjYPpPKaS9ZWG3mCpkC7zuTM9K2f3a+PXXJI
gZ1SO71UJI6HygWfRQCdzZvkOzntDY9rn45JzumM/VEOq9s9ISnu39PkgvhxIDcL4poz7bOj2uOk
E5ZY/jqYx5hTAAAAAABg9OgDdIrc8pPiKI/F/5knGhaNkD1tTorjfcXTJLTTUjqUM5O5aKihb/38
91F/oOYqRuks9ciW+oF1bvGXKzWByVxUH24+fFEYldNtK1QQjWovJ1Mg01bUo6lLjPyeGpQrUOgC
veuy51fYpi7MDngj8A8AAAAAwNQRAJ0s/6BZKua5gUHPZckayAqPrfTuWTWGNo84Z71sCuX06Ild
/frRUAoWTfLD5QzOTC7jWTB/VDA2U6IgS4FBS/7r5nHyQKHcLPwZzN+JosfxJi7qZhFQdWY66I5q
S8lDbkjHXerXAAAAAAAAMHIEQCetSgBnMzM+s/jEM5vkyJZnjJpC53Tjrx7RsXCPQucUmCkwySpk
g66ONh8t2yMEmrGc6JGzOBt08d6swbssNWXWOrX410x/cs6BWaB0Hc3gi/YgWaEAAAAAAEwJAdAp
SjU5rhbsijL/asw3EXG3lHGQsl5I2AqrsHyZbtZnpnTDbb/VjmYBRtd8n7jE/8wkl9Emvuo2r5TK
EhVY4LIXH1QcOl0XBnoHAAAAAGD6CIBO0qK58aYGMutYrrVmC7PFX+bS8iNvTjbrT1MKndOXb31Y
p4JFQ3Nf5dux2lx+NXOz6TrybdtxnebTqr8rBD8BAAAAANgIBEAnq42w0mZFiFa6q6zNZfzlrCu3
HOHsiemkpK//9PfaDbbmmaFR6mI4G2W9uBSpZVs0MJLJ5JzJ4v4+zTLC5SUVYVFGaeoikgr8lnCh
/uJVz1Kzy5DLyFom4A8AAAAAABYIgAJrUKl3Vif9cdf0j3c8rDAIZAoUBqFMexVot+KKWwwOOike
Z76eLZ1zmlPgwpYK06RnVgAAAAAAMFUEQCcpDkkREOpCPGTP/K/j6rXZkOqPnNzVt372B5mk7V0n
aUdNTmEzLfr/rDC40nz+2f/qZ1yanE7qJc9+uqStmstQrbLPVt9qPBgAAAAAAAwTAdApcstPCIAO
T53IWxQE/Z+3P6KTzslcULic9huDR0tzs15KzdlsYKYmAl32gtPkqmayNkZzeQAAAAAANgUB0Mki
+7OuspieaanBdcUYWrOQm+nxXdMNtz0sc1HWpFM4D00mFfU+6uSixMlEH6DlZXaz5VnU96cFCiyY
jSm/mKqKwEJJoU7bkqQtBW51O/LKE00VytVKwS06P6LAshEfBQAAAABgEgiATpHlPoGnIYeNnaRj
gfSFm3+nE26/QgUKGjdH91O4hoqV5swpdIGcQv3Vq86T067CWX6pfzlcZ/vKBVweAQAAAACYAr7h
T1IcEgpnfwRBK2lcXVbYwrppwM5kUhg1Gr/ulgf04Im9kpycM1U5pev0AWpu9jcvS/2G5OZslj3r
dOa+E/Ml+pTErTyopyh59LHHn2i2cAAAAAAAMAgEQDcCAVBfcTyscdeWzhZ/mfXfJHIXDcMULdnp
Oz9/QP/rV3+U2VbUJ+dsdX214K6/jkDmnALtKlCgF5+1XzIp9LgsRV0PWLP1F+wCU2mvAAAAAAAA
YCQIgE5WG9GbzYwAJeNi9WrAZfylNe0HNP3Y6ZePntT1tz6k48F+WeCW1prsoXNxylfpAzQZGHaW
sUXOitMpM0XZyaZAUqhLX3poVu7y2gkkOQUy88sYrcop0KNPaNh9IQAAAAAAAC8EQCeNgZDqMC1i
eZ31L9nqsqJcz+OSrv/33+rG/3pUu3LRUEUmOQsT66weeo3rYnXOjAbwtQYkimzbMe1TnNtaUiY5
BQrlnE+4NHchhW/smG3qbwAAAAAAAEwKAdBJWo7aFAelTFpkAc5H4d68wGnUsDx6UBT3iqeb/625
mtKZnaF+9diuvnDLw3rCnibnTGGwLWkWCE0U1szJucVf4TpSb89rarkQWRP7c6bL//z5XofdM04z
hQpnq7P0/qi2ygxRVu3x0Hy7RgUAAAAAAANGAHSKVoJVPvrqMXL4+glotlvXTmHcpl3OTDuS/udt
/60v3PJ7PWV75CSFbmsloGdmMt/OLqvUS51KDKWt3WPatvJ1XfQn58ncVryyjL/SAuZPO6ukU3E0
HAAAAAAAjBoB0Mnyz+CMkj6D6G+DAz6+Ick4Pjf/qxjL7CLMPM/ilWZ5kdHTEy7QP9xyn6675RGd
cHslCxb9ebrZlrh41pXoaDRdcjyn+dqirY//Fy3HsiYuK/VsOaYtSVsKdeF5ByRLX5rmZZ5dsp53
UArMZr2IJksSl6dMQf+sZtp1W7N64UcBAAAAAADGjgDoFNnKA2wqi5qHH1eg62++X9fd+pB+e3RL
O9qjUIECtytpS1GvmkvHS0b771bD47Y1H/TItKXQOW1ZqIsveKYWYdzZpLNLlc0DpTveAyZV52QK
F/0hAAAAAACAUdtedwHQhThoEzfxrdCf57wfUNS3NCL6Un26rBc74uZDCs0Coeb0nV88JJl0wcH9
euNLD2nbjkYjqrvdqNwFHV/aUvefjTpOcKFCBdrSrky72nVOx7YO6J9veUCajQyfXlOgQKGed9bp
2lI4L8u829rK61+cHUsv65jtS6wXAAAAAACMGQHQybKlx0Q1e7XSBHw99b9oZB6HQd0sK9Tp7sdO
6tf/fq8CM11wcFuXXfgcbYcnFMwDjy61lDim65Ivu6JjK2OwpNlr5tzsUaAndbr+5ZZ79PtTktMj
Ct1y8HNRhlCB3njhIZk9lbHslpjTz+56aPYkqywAAAAAAGBMCICiQFYAa/rcUgJnjSW0VZTWLPZi
OA+FSiYzaVdOv3xsR3f/5B6Fkk6T9IoXHNQLDx3Q/sAUaFey3Vnk00UDJ0mSs9mW2uz1WY8azqK4
aDDrodMCORdoZ9Z4/SkLdMt/3KPfPiHtaDXPU5YVcIwCkXtl2mMn0qHZukO158RuzZnuf/TY7BnB
TwAAAAAAxo4A6CQt8v5QT1nNJcPC46/lWXalCyQLdUzSzb95XDf/9+PzJvR7JR3Yls49a7/OPfsZ
Om071N4tp63AKQiCWajc6eTOjnYt0Mkd02NPndDDj/1RD/7hlE4pCnYu6i2VRpoqR1EZ3/k/nifn
Ts4i1HEWabtBegukYztkfgIAAAAAMBUEQKfI5T5BCSeV9iu5nBdrbvy1HEgKLdH03RJN5mU6KekP
O05/+N1x3fm730ouiNM1Z/OYnIuyQ4sTh+Nx10KlAp8eycb7nPTMvSclC2Wpdvh1unjIX9lJnaZw
HvwkEAoAAAAAwNgxCvxkjT0ktz5Vsj+ljO4+y6QCh+sVb2u618/l/mMzHls4m2sxDJLNgqbFo6fH
86WXl1mHbhGIdjK9/w3PT61vvowWqtKZU9yg/867n0iUnuAnAAAAAABjRwB00giC1pEX/ktyib/K
yx/QblnevvbCstWWlBn/nPXF6kw6tF/aHx5XYKHkgkTAtG76bTza/Szk60I5hQq1pTvvfUzGpREA
AAAAgMngW/4UWfLBcsYcisTJi/MRz+supaDqBxT/HLRoxHppS9I7LjlXzoWSWwy25EzzpvqVzZrc
R0FWkzOn0EWj0p8yaTknFgAAAAAAjBcB0Ela7h+RAKiP5VprdaH+b0BSNMCRaUvSB99wXjQSvZxC
5+Rc2Hz/pNJ8A5lzchboVw+dWlo25w4AAAAAAGNHAHRSkoPKWEk7bZf6c7boh9HN46a2eB5NJWdO
UjTqtzObWA+JTlIo05ZMLhH6ip7F445HI6PbbPTx2Rjk5hJ9e8bNq6O+JWVOzpLBaJtP7moN4DNN
gRQNriTNR59/68XP0X6dmB13Nj9O26yxrdl+C12gm+96uMUlAwAAAACAIWAU+IkIFMxGrg6iv+WO
Jt3iebL7xJX4mznZvIPF9JA48evmQjkLFAbT6inR5sHLaITyODg5C2XO6sHJKUgFLlM1bU5uPoj6
Yqq4OXc0g0uETz2GP98QoTQbXCmqn9e+4KDOf9pJ7WpbW6lR49teb7TcHdvWqU7WAAAAAAAA1okA
6EREmZhR0G5HgXaCvan3d1diR/O0ztk4MlnBJZcY0HsRpNuyUOacwkmFPyUp0I7bo1NBlGm4mwga
pwLKmXG4ZMP59ARRiDNYPHYmubj2CH4uBJJCyZle8/xn6OLz9iiUtGU788zQJIuHiK9Vh4nIvzMF
Mv2vOx6qvzgAAAAAADBYfN2fjDhAFNbYq1VmWDSzn97B4xTIZhmBtvTOqtUpFgHQ1elt/l8nyTmn
0JycWujPciLiGrzkgrN08bkuSmTWrPuApQDoIh4d59G6nPez1hLPFz0PJYVuj6678QH2BgAAAAAA
E0QG6GQkeuOsHMOpMoNlPJqKuE/T1S0r39bUqDqF00fdq1rpdOvXb4jb5PRXr3munrPvKVkQzFe9
Gt5MzlSvQ1BnUui25LSrQNIvHjhG8BMAAAAAgIkiAAogEepMdAy76My0w7VqNsCU04fecJ722slo
KCorDHs2FgZOznYkBQqd022/ZPAjAAAAAACmigAosOHmgzQ5p0ChzGYhUOs2JzLqwtN01v5tvfvV
Z0l2UtvameVkBuoy+9SZFCrQlpPu+M3xRP70rB9SAAAAAAAwGVMbxQZAJdFAV/ud6e/+7Dw958Be
yQWzcdi7tS3T+y45T+999UE5SYHC2cBawaxnzq5EGa5O0q4C/ew3j88GAiP4CQAAAADAFE1vHBsA
Beb5ntGJ75z2mukjr3uWttyuJNMJt18/+NkDevi4zbJB05eJ1eby+etJDTrkAslC7ZX0tledq0On
7WrLRe9lL2XRBN657ObwNhv0q/IgSM7kzOkH//GY7nn0ZN7EAAAAAABgAgiAAhspyvLcK9MVl56r
LdtREEhmUUbolu3qVLBXdz8m/eSuB3VKbpYV6hRdNsKCi0fynejxlqTnHdyj17/sWdpvJxU6UzAb
wT1/FKMOA6AynQj26/of3Tf4oagAAAAAAEAzBECBDZLM/9yW9NHXPUt73a52ZQpdIBfaLNSpqCm8
hTLntOO2dFx7dfMv7tGDfzSdlGTOzUazny3bbcksVDALeB7cI/3Zq1+gM7ejvj0DCxWYUxiYglAK
SzvgyA+ALgKcpqxx4osCoOZCbdmWvnDT73SirAgAAAAAAGD0CIACG2h/IF3xPw5p23YktzW7CNjs
/07mnLZsN8rzdFFINHTSliQ5KTQpDLYUOiWijSbnomUEs4GUAoVR8NJclK2paAHmLBnenM+f1k0A
1En6/x4+qZvueqyHke4BAAAAAMC6MQo8sBGcAplCOZ0WmD54ybO0bTvRoEMrAUCTM5O5IBVWjIOa
MilwTkEYzhuxR318ahHDNBcFQ6VZlmhyHSZns9hjPG9dZvkt6JcnlZMz6YTbo/9910PRkEcEPwEA
AAAAmDxGgQc2QpR/eVpg+tAlh7Q168OzcI6Og4P9hh5noVbn9JWb7lfY8TjzAAAAAABgOAiAAhti
v6QrXnu2tpxp23YVait3cKEFt/RvAXOLPzeszEqzQIGZ/vVnj+mkFPdyCgAAAAAANgABUGAD7JX0
kddFmZ8yp93Mpu/VuZzH6xY31Y+b2Dtn+t2xbd375AkFSo49zyUQAAAAAICp49s/MEHz3jtdFPy8
4pJD2tau5Laixt9Ocs48mrkn388IccaRRpeY0lnl/Mq2g6eBSaGL+vw0OR0P9uufbntQFirq91Rx
eWkIDwAAAADA1DEIEjAxgZzCWXjvQBDo8lc/U4Hb1e4szOjkGXBMNo+Pm7T7RDYTAyCtS+icgllw
dkf79OUf3a9FWJbm7wAAAAAAbBIyQIGJCWcZmWdsB/rAq89WoMUI7jYbDKkw8dO57OBnFbbeBvEm
SS7UTrBX1990v0KFisK+weD6JwUAAAAAAN0iAAqMXNyXpUs8OxAE+sCrztaWTsm5aPTzOPHRKR3f
XGGWEyH1aS6f/PNXucm8Lccx3TzAKzltmWnH7dMXb3og0cjdoub/xD8BAAAAANgoBECBkTO5RKN3
0z5Jl7/6LAUKFbrtxFTRCd9ZbqZb+vOYvC3mdhXIyRTIXKhTwbauv+l+7ZqUvMwR+wQAAAAAYPMQ
AAVGz83/3S/pitedM+uD02Z5kYtp4uTOoibwbrkJfEeaBCPNLbWyty2ZTIGkUzpNX7zxt9q1eLAj
BjoCAAAAAGCTMQgSMHJx9ueBwPSB15ytQDtRTqjbSgRA44lLRnVX/1mScSlqrdc5SabATDtOOh4c
0FduunsW8oz6/YymIPcTAAAAAIBNRQAUGDmT0zO2nf721WdrSye1o21tRV1hyln2eESuqAG6WZQF
miH/1YwVdTzYkDNJLpDZjnad038/Kv3oF3fPGvsvRny37hr9AwAAAACAESAACoyck/TXrzlXQXhK
obblnM36Bc0Kfs4ioyVs1kZ+ORCablBfVKhug5+BWbRt4a7CYJ++//NH9MATu1Iq+Bkj+xMAAAAA
gE2WFS0AMDKBpPe95tk6GJxU6LZmWZyhbDY00JyLm4W7qC/QIBHKzOgYNOoPdJFNGY+27uIcUpNC
p3SqqW/w06X+ybgQLcq2Eoh1oUJF/X3e8ON7tZO4lHFRAwAAAAAAScQKgAmIRzN7wZn79aaXPF1B
cFKyrdVMzYYB0Lg5eW4AtErmZ5MAqALdfPeT+sVvn0yUyQiBAgAAAACAFUQKgElx2pLpA5eer6eF
xyQ5yXYl56JAoQu1iFfG46YXLM0Fs6CplOzncx6QnL0UN6xPXUzKgqGlAdBg/k4UiJUCC3V060zd
cNPd2pWbN9UHAAAAAADIQwAUmJjopHZ6WmB6/+uere3dHQXalWlrniWZNTBS5rLcUlanJV6fPY8D
oOkZPS4rhQFQJymMRnm3QFuBdEp79Y3/c58e343eJ/gJAAAAAAB8EAAFJik+tZ1ecHBbb3rJWdqj
UGbhbJCkOGezOBKaMxh8cQC0lT5Aoyb2oZN23T7d+stHdOfvjs8it7PgKAAAAAAAgAcCoMDExBmg
0X8DmaJ+P190cFuv/9OztG2781dLlzUPgKbDlLkB0Bb7AD3l9umWXz2q/3zwqMwFCiycbQkXLQAA
AAAA4I9YArBRnJ6xR/qLi5+ng8EJhTK5efP4cH4xMBfImc0CoIlsURdKlh6UyBRfRCzqclRxULPg
8uKi/8zHlTdJLpBkOupO0w9vv0+PHA3J8wQAAAAAAI0RAAU2yiwz1G1p23b14nP267UvPEv77MQs
2Ojm/YTOYpQyFw1G5GwR6nTOpS4cWQHQ+OISB1NTTddnCw8sVOgCndIe/ey/n9AvHnhyXg5bLKGj
ugAAAAAAAJuAACiwQZLN46OMTienUNsmPeeMPfqzi87TaXZULtyRtCUL3CwU6aREAFRLAdBIdgbo
vNdOi8Z1N+cUaksnt07T//7Fvbrv0R2FkkIFUqKROxcnAAAAAADQBmIMwMZJnutVnUIAACAASURB
VPZxL6Fx8FHamv09/TTp0pc/X2ds7eg0tyNncYN08wyABnLzDM9tPRnu1//5+a/1yFGbBTwT5XCB
ZMs5qMtlBQAAAAAAqI7oAoBSwexPWjRvP7DfaTuweX+gYWjaDaUnT0ShVFM0iFKoKPsTAAAAAABg
HQiAAqhsMXL7rLG7czKLmq9H3Xta1GI+vsRwpQEAAAAAAGtCWAJAoXSDef8LxiJICgAAAAAAsD4E
QAGUKAuBuqXnXFIAAAAAAMBwEAAFAAAAAAAAMFlB+SQAAAAAAAAAME4EQAEAAAAAAABMFgFQAAAA
AAAAAJNFABQAAAAAAADAZBEABQAAAAAAADBZBEABAAAAAAAATBYBUAAAAAAAAACTRQAUAAAAAAAA
wGQRAAUAAAAAAAAwWQRAAQAAAAAAAEwWAVAAAAAAAAAAk0UAFAAAAAAAAMBkEQAFAAAAAAAAMFkE
QAEAAAAAAABMFgFQAAAAAAAAAJNFABQAAAAAAADAZBEABQAAAAAAADBZBEABAAAAAAAATNb2ugsw
VWeeeWbq+R//+EeZmde8T3/60+fT5s23vHwfTzzxhCTpjDPOkHNu/vrx48d18uTJ0vn379+vvXv3
zp+fOHFCe/bsURA0i6NXqZsie/bs0fnnn69XvOIVOnTokCQpDEP913/9l2677TY9+eST82mdcyvr
bFKnRct58sknFYah1/KS8x49elQ7OzuVy1S2HWamEydOeO3zZcljMwzDVJ3mcc7JOacwDLV//369
+MUv1ktf+lI94xnPkBQdR3fddZf+4z/+Q0899dR83/jso2T919l/y7L2Z9K+ffu0b9+++Xbt7Ozo
qaeeKl1uvC3JMp48eVLHjx9vVmAAAAAAAFDKSWoeecKKq666av7YzLS7u6trr7228rxHjhxZed85
p8OHD1cqz+7urq655pqVdcSBpqz1FJXLzPTpT39aV1xxRePAk8+6i7zxjW/Uy172stLp4m299dZb
9dOf/nTl/eT2+coq+/JywjDUNddc4xXkTc77ve99T/fcc0/lMvluR1wfN954o+66667Ky3744Yf1
9a9/vXQe55ze97736ayzzvJahyR997vf1b333ruynOXjPln/hw8fTgX26yg7Fj/5yU9qz549leZJ
StZf3nEIAAAAAADaRRP4HjjntLW1VSkAVKROtuRyYCgOeMWvv+Utbymc/13velfq+be//e3KZWjb
wYMHddVVV3kFP6XFtp599tldFmtFEAR6xSte0es6fcT18aY3vUmHDx/WM57xDK8AYpXj7+KLL9bh
w4crH/u7u7uV11s3+Gny/xVoOfgptZN5CgAAAAAAukMAtAdxpt373ve+dRdl7sYbb0wFlF7ykpcU
NmU/77zz5o+PHj2qBx98sOaabemvnj/90z/VBz/4wcxl/+EPv9ftt/9Ut99+u375y1+uBM6+//3v
115vXZdddlnj7MT68ut7/qpzuvwDH9CLX/zikiWZ5Cz6t2T/vec9f61LL31d5rrvv/9+3X777br9
9ttXMj0l6YEHHihcdpnVLS4/7sqOxje+8Y2Zr7/3ve+tUUIAAAAAANAX+gDtWBz8jH3wgx/UV77y
ldbXU6cZ+dVXX60rr7xy3j/hJz7xicxm+ldeeWXq+Re/+MX54y9/+cu5y082933ggQf0j//4j5XL
mGV7e1tvfvObV17/wheu0/Hjx1cCnv/2b/8mKeq/8fLLL/deT9Om+cs++tGP6rrrrmulv9Mqjhz5
9Pxxsl/NAwcO6CMf+Uhq2je/+c367W9/qz/+8Y+Zy3JyinrOUOLfVa961at07rnPTr0WhqGuvfba
zP5Q43I9/elP1+te9zqPrVpVtL+Sx+KPfvQj/ed//mfl5V944YXzx9/73vf0V3/1V5KivnEBAAAA
AMBwkQHasWTw0zmngwcPrjETcCEOOD3++OPz59vb2zp48GBqugsuuGCeGWpm+tGPftR7AG/Zpz71
qXl5pCiwduTIER07diyzbGYmM9Px48d13XXX9VrWuDxmptNOO00HDhzoa82F5ZGiwZmOHDmiEydO
zF9zTvrwhz88e1z/OF0OYt533326+uqrc4+d+PXHH39cP/jBD2qvtyt79+5N1cdy36znnntu30UC
AAAAAACeCID24Ktf/Wrq+XJG5TrEAac4GzV+/oEPfCA13dve9rb5Y+dcrcy5Np1//vnzssZB3Kuv
vnqtZcoSN7SOM2rj4FkcXBwK55w+//nPS0oGRy1Vz1W94x3vSD0/deqUvvOd7yytYzycc3rPe96z
8voiS9b0nvf8db+FAgAAAAAA3giA9uAPf/iDjh49mnrt5S9/+ZpKs+rLX/7yPEDnnNPf/u3fSor6
NkxmvX3605/OnL9Pb3vb21Jl+trXvrbG0uSLG4rv7u7qkUceSb331re+tacSlIuzY6+77rpZvUZ/
cfPuOp73vOelnn/mM5+pvayheOYznzl/fMcdd0iSvvnNb85eierMOTeI7G4AAAAAAJBGALQnyX4z
nXN6/etfv8bSpD3xxBN69NFH58/POeccbW9v69ChQ/PXbr311kFk721tbaWe//73v19TSfx9/etf
Tz1/0YtetKaS5Dt69Ggr+3d7e3rdCp9zzjmpurn11lslSceOHUtN9453vGMQ5wgAAAAAAEgjANoT
M9Ntt92War49pObQ//AP/5B6HvezKUVlv/322/suUqZkht3Ozs7gM+7iZvrLA0D93x12g2BmpSOa
L2sre/Gss85Ssv/RO++8s/Ey1+1v/uZv5nVjZvNBnMxM991333y65z73uYM/HgEAAAAA2ETTS9ca
kOUR4H/605/qta997fz5GWecoTPPPFNPPPFE43UlR7nOcuTIEQVBkDkCd+wb3/iG3vve9668/pnP
fGbtmW3OOZ122mmp15588sncciVHO6/r8FWHJcseDMjM9O1vf1sPPvhg4TLiMjzwwAMKw3A+oNRW
EOgFL3iB7rnnnsJ90hcz0z333KPzzz9//jyrDm3+39U6cS7QoUPnpN6/+eaba5epaB8un1tdWQ4M
f//730+9/8///M/61Kc+lQqQAgAAAACAYSEA2qGsAM2RI0dSwcoPfehDjfvW9AkGOedKA20PPfTQ
yrJOnjypnZ2dRuVrg5mtjKD+2GOP5U5/+PDhwuUdOXKkdJ1OLrcrzTrBt6uvvlqHDx+ez/v2t7/d
qxxV1Q0MJo+PvOCjS/x3mVmoc845pGRieVFA0Cdon6evTMvkDxaS9Jvf/Cb1fHd3N1WWj33sY/rC
F77QS9kAAAAAAIAfmsD3KA4GLUaPjgI5f/7nf95ouT7BIJ/MtHe84x0ry9q7d6/OPffc2mVr0xAy
JZv61a9+ldoX8YBTU3Hq1Kl1F6E1zjm95jWvmT/PO/5+/etfzx8vZykDAAAAAID1IwN0Db70pS+l
st8uvPBC/fjHP5ZUvwlt00zCvXv3pkbvTmaCvuc97+kkU7GqJ598MvX8Wc96VuZ0cfZisllynYzB
Jtuc3Uhc+uEPf5gaBOmcc87R/v37dfz48drrastznvOcxst46OGH9dILL5xv+759+1aCom10T9AH
M0sdO3feeade+MIXrhxLd999ty644IL58xe96EX65S9/2WtZAQAAAABAPgKga/Kd73xH73znO+fP
Dx8+vNYg4yc+8YnU88997nOp1z784Q/rS1/6Ur+FWrIcJNy3b1/mdGa20q3AO9/5Tj33uc/trGyZ
5ch5/bOf/ey8bs1Mf//3f7/2ALNzTnv37p0/z+sDNL1Vq1v40EO/SwV/3/72t+trX/ta5jqXt/mT
n/yk9uzZU73wXorLneUjH/lIauqXX/RyXXTRRaXzveUtbykIgA4/8AsAAAAAwNTQBH5N7rvvvpUm
tW1k4NWRbOYrRcHPU6dOpfrYPOOMM1IBsiGIBxQaIqfc7kNT/arG2YSvfOUrJa1vEJ3lrMb8jFm3
9Jf2+GOPpy4qZ5999so069nG4nKnppwNfHTgwIHo8Xwuvyzi4uPSrwwAAAAAAKA9w40gbYBrrrkm
FQx697vf3dvgLjHnnC655JL581OnTunkyZMyM33lK19JTfuJT3yi9/ItW24G/7KXvWxNJWnm2muv
TT2/9NJL1xrQjbMdY3fddVetQOVyUD9exrqPmyrMLBW4rVMPb3zjG9ssEgAAAAAAaIAm8GtkZvr1
r3+tF77whfMgy3vf+95e1h03b14eLf0zn/lMapp//dd/1V/8xV/MX/vwhz+s66+/vpcyZvnmN7+p
v/u7v5s/f8Mb3qA777xTQRCMbpCkH/7wh3rrW98qKarrK6+8srd1J5u3HzhwQKeffvr8PTPTTTfd
lDtvWZ+qd9xxhy6++OJ5JuXhw4dXuiTIXXZcPq+pu/Pud797/tg559VFwVVXXTWvm5e97GXzfn0B
AAAAAMB6kQG6Rs45/cu//Evq+dlnn91LE2EzW+kT88Ybb1yZ5le/+pV2d3fnrx04cED79u1bW0bf
U089lQp0OudSA0qNhXNuPiJ8vL/7bBoer+uyyy7TFVdckXrvjjvuyJ9PklxxT5Y333xz6vhwzumT
n/xkg9L2L9kX6XLWcZ4nnngitQ+zRoS3xN/ao7wAAAAAAGwIAqBrFAdLvvjFL84DRnHWXB+SgzCF
Yai77rorc7rPfvazqecf//jH1zqK93LXAZJ05ZVX6l3veldm0Gnv3r25AybV1XQfxYHPz33uc6l9
36V9+/bp9NNP1/Of/3xdfvnluuqqq/TKV74y1fT+2LFjuuWWW3L3b9wXZllJv/vd76ae79mzR1dd
dVVuU//l/jbX6ZJLLklt/ze+8Q2v+W644YbUtmVlc6d6AGU8JAAAAAAAekET+AF46qmntLOzo+3t
+rujLAtyd3dX11xzzfz5Rz/60dT7n/vc5wrnffDBB3XuuedKioJ3f/mXf6kf/OAHtctbV9x0+6tf
/aouv/zyVNDwvPPO08c+9rF5GZsGFH0yS5uO3n7y5Endf//9Ou+88xotZ9ViLPZ4O8rq5KGHHtI3
v/nNVtZ+77336uc//7kuuuii1DovvvhiXXzxxa2soyvJQcHMTEePHvWabzlofMYZZxROf8kll6T6
383z6U9/eq0/OAAAAAAAMHZkgA6Acy7V92ZX64j/Peuss1J9Pv7ud7/TqVOnCuf/1re+NW967pzT
BRdcsJZR4eNA0GOPPVZYZ0WBvjaCo236p3/6p17Wk7XNcX3ecMMN+uY3v9lqoO0nP/mJvvrVr1aa
Z92BvuUfIY4dO1Zp/ltvvTW1DYcOHWpcpnXXCQAAAAAAY0cAdADi5tDLfXB2ta73v//9qaBKWdZf
HDi74YYbUq9//OMfb7+AnsxMOzs7OnLkiD7/+c+XDoAU1/G3vvUtXX311ZWDSqm+Gzvw9a9/vaMl
5/vxj3+sa6+9VkeOHFnpvzKfybc2nHN69NFHdeTIEX3ta1/zWv6xY8d0/fXXN86srSvZLYQkXXfd
dZXmv/3222WSwsSgZtWC7f71CwAAAAAA/DjxLRsTlRzpHMMQ75PkvkkGCNlfAAAAAACgbQRAMWkE
QYfDZ1+wvwAAAAAAQNsIgAIAAAAAAACYLPoABQAAAAAAADBZBEABAAAAAAAATBYBUAAAAAAAAACT
RQAUAAAAAAAAwGQRAAUAAAAAAAAwWQRAAQAAAAAAAEwWAVAAAAAAAAAAk0UAFAAAAAAAAMBkEQAF
AAAAAAAAMFkEQAEAAAAAAABMFgFQAAAAAAAAAJNFABQAAAAAAADAZBEABQAAAAAAADBZBEABAAAA
AAAATBYBUAAAAAAAAACTRQAUAAAAAAAAwGQRAAUAAAAAAAAwWQRAAQAAAAAAAEwWAVAAAAAAAAAA
k0UAFAAAAAAAAMBkEQAFAAAAAAAAMFkEQAEAAAAAAABMFgFQAAAAAAAAAJNFABQAAAAAAADAZBEA
BQAAAAAAADBZBEABAAAAAAAATBYBUAAAAAAAAACTRQAUAAAAAAAAwGQRAAUAAAAAAAAwWQRAAQAA
AAAAAEwWAVAAAAAAAAAAk0UAFAAAAAAAAMBkEQAFAAAAAAAAMFkEQAEAAAAAAABMFgFQAAAAAAAA
AJNFABQAAAAAAADAZBEABQAAAAAAADBZBEABAAAAAAAATBYBUAAAAAAAAACTRQAUAAAAAAAAwGQR
AAUAAAAAAAAwWQRAAQAAAAAAAEwWAVAAAAAAAAAAk0UAFAAAAAAAAMBkEQAFAAAAAAAAMFkEQAEA
AAAAAABMFgFQAAAAAAAAAJNFABQAAAAAAADAZBEABQAAAAAAADBZBEABAAAAAAAATBYBUAAAAAAA
AACTRQAUAAAAAAAAwGQRAAUAAAAAAAAwWQRAAQAAAAAAAEwWAVAAAAAAAAAAk0UAFAAAAAAAAMBk
EQAFAAAAAAAAMFkEQAEAAAAAAABMFgFQAAAAAAAAAJO1/Wfv+/tOFuw6WSokv7qtUv/W8rqr8lm/
K3g2RMMvYcTlPC6ctmTC4n1V5WgrmSejHNXqvWhq/3LW2aKmujy+3Do2qAKTxnOCSZKNq7hlXGcb
0+yuVadYle8rs0nqnSMZM7nCpwXvuZXrcfa13K28WLqVJlnBVS1r/vRrVlKmiuUpmCY6Fl3Ga75L
XkhtsVn2e1b/4rhcGlfyxK3uuvT8BSdi1rKXj4mVenKabehiG8uPg+wyLBdtedryPbO63lRZ4od1
TvqMxeSvNfmG5U5TeFRY7hNJbrYNxWd+cq7ksWhaHJI2ex6dv9GD9PPl+ZOrLTg63cphUap4est4
FD9PFapkBauTusIjNmOdORNXO8vr3RDL5qr6CdRrekv90wqX/o/Sj5YndkVH2nyawnUtPYv3+Pz4
T7w213SD2/zMY5LlLjBd0KzPGS55vVbhmZuz5NTVIf2qLd6J17OyVwvv2867rjLPVMt/3zKmWX7J
5tdKlzd36qVK1wovNQ6UusemazZ7FUV1PzRV9gAZoAC8jODaB6BjDWJAg1NpU3r49a/XD7OdzJ//
tWNlvhY2Ni8Ylf8FM2/67IWm3mt44BcG21rc8V4BZc/qWQ1XVF3TcHkHP0um8Q9+Fr3st3aLj8hE
sDNveXXKlaffPV1QuJWTdZo62cSu6s334PC56Hj/ulrxiKx7ALsG8w7IME+ZpYot+GEK6AIBUACS
2rvpTOPmNYFPPcAGqXvdyc9H6kmnq+3nW8VKDpLvujyyMKosLhJnBhUvLz+WkpFRVVKAvuMyRdmf
JXO2Mk1xYHRiSuJxdRfnn1VTdqQWLGYaH8byq6DiD0jtX2vqzdHf0jrW8DJQZfYq+eONjSjwWfZD
[...]
KEB50jxhSlVksYNRBPZnG0fJmTvWbQolU1tnXWX83NVoEGxvvS9bnAtuIUQ7ktjfawUlmKYf29bb
IZho/OyogKBerXC96YWUfTLsTDLuiFUx08SmY6V6zjx4F9MRVKqUp9bQKeXR4q3YS5dKVNKrFbml
jXq005/ns0Y8r35zBs90vSBLrZexftC3HGXlt6tAaEQ+GwygAHDQuRDedv0ccwshQdtMlzSnMlNU
7SR2tRRtSb2yplbn3qRv/QAAIABJREFUKa5ivXms9iZ74gjwKleudDnj0nQR0o/Hl15HvoVkDZyj
9VRT4UUqXvcCHShUIvMKZZLTDI2gJpPvRu9+UNLrVSbNBeUDo9evWye3bWjUu6qL9s5trca3brUY
0Kd8Xb60uqeuSx6KurzDMBrvWmuMcV7gGYbPqrExY/yMx7jE+BkZnOURxbvpPrNnjTTMzL7Somaf
/lxrh1a9WN33Nek/zgB6k/lIzacD4gkKZ+De/+nbtz510zeLnuVn/Gk+ewwt7VI01wmqqWfnupJU
ZVd5F3euvqdE5MrSef48kxl22mura+bc6yak5l672BV2q/eH6mZ6j4ntha21UOyO2L0I06SujlO8
P1fEYqbLHn2vVoxvqnPyrd0ZMCZ1FdHaakRb+LYNg8bIpuiDuvStQVVH10k3s1V8w+FIUUtrlLIh
UsAVPD2Fa/Z9shc+9n5UuMr4qnJ1devXjQoxmtITCl80fi7s8i1J3+NHkO4y0QjMauczniLbdBqC
C8DgXuGU+nHGGvqlSGulUIk6bqZw24u6vYAwgx2b+Qzf2/CD+HVeZrkMoyBbLl2yhr2uaF1ZV9Pq
yGzaOrHQcHOyCI1yGk+0ohQdQu0yRvRM8YmhaJY74YVMFSdJrLJ2f+u7dWPGLjEPIT1tWa0p64ds
IMwXYGg5mYlojTl+ZV0fLZ+GleX8/HhRLu28wdUZ+/0XU2rsHWevsjzfehSuy18qXrKDJGnb8r8b
eIDuphDXcYY36OyTgRl5bzZv/hg+erb5K9z0nF4Ol/mswwbx1gl/ZZ/vRVcbtiXwVJpPo3fgNoLe
U2drPGacvQVnaM+uT0SMyhU+KGyFJF9f316gZiC7pJlcelloyt3Ghk8diU6x77rTt4pQB9G9cszN
tHJaY71mhS7t9iKpnUJvzqeMs569Uc3Jyol7vn6OrBjGxssg54xx8risk7EqjVLkepByvdnkQz3d
0j4/uf6+GNyzaXgb/S3KqrjeYvAPDMDS+P6lZvw8lxa9+4T1/5bC9twbRTR+VriBAVTPQ+alKvw4
EpxJ26NObcv4rRbirSwswNn1cq1BafGJzkncWpdvLfzmLO5crAeu5TldZ64SBdOjn3StwkQxyg9B
30b9i2uG2IrctPD6RhkWozH20KPwFXlb21Xydp26dL2NoukpTk8lw09p3lk4550y3rbIrjQ0lpJs
MUa36nOL4W9Kvn7mnYgGT8FZtuRoMGQM9epNMq7aKExdhtBIGnqjV63iyxDf11uNk/uirPOKWkzp
38pE/nTXlfOdpJYWB7tVe9y5r/QChf3I6au88NX78Z7m8buBYo2JcHKPPLO+GoumEu0kd7oN1ErE
fv+jY7PpqMy11vol4P05QmmztVZRqs02+D6vUVXv80ZpI+cF+rrk3nLYMEJD2sUIGQ/R3fDfHBcb
DGumglNLdOap9Kjxc9DY64zwiKozmdA3pzKQzJ5Sq0bV2LqlSO8s5tVFqHnpVJDmMruc0o+s2e9/
ayZZF3wLP4wZVrvq2Orjabw6S/fjn/mT7vUaX6V8r5m1PnNzLcSbWNAG42eN/M8qjlFL8R7vAI3Y
c4mTIdMCoxseNkxwL/S99lb9WynsHbqr9oRuXcYT4tmB9Bqz1i70zqbV+Hl3bl/UCQVgPSBxq5lk
Avv68LtGTxNnPsbTeqzWx0evQWftm/1jP2Wv2fzdnWsyR15m3e8u+ykt+9GlKB+j1PEpNHhe5YOG
d+4174wJK8a+Q/kj58My6cpWZ0w8b8SoyeN7bPr/Sun5nprWHn7k8Vo66w3qfWirm8MImci5VLfa
20vl3Zm5UTKWTy9mJU+fmz4Cf/uHZ40xhkfXAM7g/kPFaVx2Gjkj44oF9yeowYgt+c5T0a5tGzi6
5LzoT5LlZ7Fem4vt9oBGLa+y07vOyB5HfgjpZyHy6c8KtQfOhL8grIsUP1/uxI9T+aRbFHXtHqxY
tKZyJy7JwaW6jgtpKGOXiQtx0p5W4QlqMkGa1wjVCGvK2+bbKFwXIx9ef8vHnFoGymoLgqnUKw3Q
apBTt6iT28G/VqrrnJ5KBspSfD+VnBen+NfWvUBlCetkRvvu9JYgGIUVQSvX542B2lRu6QH6JHY4
QdOd8AAILBqPNxnmdVSEpS8pGVlgCTe0J8Dw4lZ1dBNhzxRz5lriJtWb4VnGzzu1Rd6A4Ieo+4vq
M7sn1zs+KARoeVVBa3la3mqgvmmM1o+xDef9jb02ZzbkHp6gcTgbX5iczQpW5j19PflVqeQZ+Ur4
fBDdnj7fV0pl3Gk+ssYEv+ZuTFnuXLlyvhPxmipXY7VXwSV52/B+jiPdEz3FS0SGzx7j5+r9WEva
t/MA3UAFptP76+54kMJO1M9vnuG5/Wjs+S2UvGdGFVAO3+xhs5CzJckt4p7KKd4YEyh6MmzWVnep
05QNpC7tvDYQ7yzqnqCfUOP5qNLboe4/a/yMF6hfZ3lP0caCqIJXGkrlDXoCujcIvMn7YtngQ3Q9
F14jwDRqvouTyLnQCcFc4Xt8UT3UCQHn1rWurkaG5rAKO/c2o0UVss1KIYrYa95O6Ylfq/9q+8Se
iLW6cPG95ILgHRqNxrZw7329VBevMukb3noadjZS/x9RlNXrXZvoQznD2xlAD55nTLneoKmcFQHu
whZDBP2phN9ExcVQYTW0RTPHQpzY7LPK/8NsNadBvT4Hsa+tGoAuVpyyMTO/BtcZQReidKY6i7qB
rYDLPC86Ab0MUsD5DSwWcUVDThV90PiljhrmM8FEvn58yaafK/QsYTot91X34zGlCapjclFLtp7I
ZiffU1A645MF662vI26Litrob3Iv2Gykqfq3P/UppXlc88uof8GLvkyhF+lOc1qNPmPnxIFZkcyN
DaDP5Gwj6BaGA7g3zzuLmAbV0kbvKfJlZDL/LrayXg4wzN1WhCdw/SHqszm1/0beDJc0q+uf3qcZ
QYWCZ+tiM8PnF68e+t4F2h5ky3owJivY6fIGbXJm3x4vac0QNb0u7VFRrQapq/TwrLzL+ZT8i+fK
kLrqJR/leNPoM9CnXoYf/8iKEdTGH8oGzexNlxrr4nh+VolB1MqGz7yJX6qFgj54hZ/RXmf1Cc21
VXna5IrMrQyg207oOU6YUddseF49jv0lzEe/1Fy1KF3SLZ9gBL6h/FcbP6v5T168VLlhG47AHAWX
o+lzrYoar+bVcddMRMlv8TRII20wW/JV5pIJu8foIJo8paZ6X+sykk6iZFw+XaTG5qv5/SVFqJTp
lCI3ZaIL3DRkDFo0rTHGTZmI9+irxvQN11dIn9WEkpq879W0qMWbURt3pJ6yce3roO3zE1UlL9AD
z2gpGYttciv4LnmD5r7H+frhXHTtDFbr9izjZ3Mcv82UkfkRpA3Z7b1gAABbsMnYaDXGTwB4DGJ/
f/Qg4IpfCxfTUK7toL41fCaV0QRO5aritryPLg06p45n265dS3Q3nN04DZmPGKbUgSuRW9K+cj9r
k4ot+Ia1KkBnuRJvzY7MrSZ71y6iNcq0vfCaawHFopbr4SufZKmseL1aUy5f3tjpou9ynHq9helc
ySoZikblhjTOqiMMoJtyxgRTjjZHBXfo7ACn4DKf4SQYbX4cN2ry5DGrG8m+G2dW3WtBLuTYs7If
CKfbGMysmTAtNyHpJq+0p+HSjyUjr9K03BA2R2omaokbShJe0zC6VCrFP28Z1umqegviiUu82p5e
Ykma3+nTai70l8HsW3rRSFZ904gr3FPMLcrpTyOb5DzQLM8njA3DWmuSH8IppSXeXzL3yLqh1pkF
Mo0autMwaag+sZuOr8JojdzqEfi70OoyLCdim47Ap+R5YroANZ64B4J52MK38/IFaGel8XPWa3Hu
Nvevq1LZANCblOwBVDEweo2RC7akrT75TqzcWnLzyrGXBmuq0RnjvTdV9yB84xvl3qQNe4Mn3GEl
UXcp9h4p7PuaFO81J+WtaDa4UNEKpZKu0a15vaRndJphsKoZH8M7TvjckkZdDjkHOV0XXMyZYN0x
z0aRW+svGB1tfiwupztJExdNZ9q5WNM+2ns6RntHva9iAN2YJn2374XTUG6yBKP97tQF+6PYawH/
s8m1Q6TdLvkAN+O2Bs7bCg47EW977sC4nMoUBjKyfs1mbAHFWaMSIN5Qdskqpd/qGtSZTT/vn80Q
6yeplU3e1XdszuL3q7aYWPqMn2WpzmLgSdjmfGzhe2v8ZSzIyJrjJ2WUEVIjps0PPTbjw5Y3gjYI
McBVq2+d5L2+0noZpoatnP/Z7B29DB+/3Fr91QxuqeFSsJeW5tBv4LAz2uy1GjnPz04dPefkMMgu
NoJqIoXhvHpbOphK+ZQrhUfgN+fMDYicl/3+1/8H18Gjkw0sXwl1uuvDROaYPxjbYA3eotmeM37/
pDmif9vV0OsHBoeWqGPN5q3VflD7a3DGfv/dYZT3DUWu8C8IVPo+Iks2uX4D6ooVUylNVmj9ZHtL
ZZDJudTUrlnxqp7pfkDDSZyjfZqRbfbI164B8i3RYFmLlwnoG0HFIFZ2BT0uufd35fGS2LyVfaE7
7k9rk0VGGl1So2bwSTQ++oQH6M60Pss24cRfPplIj05yWbWo3/g5H8AZaLT0igfIfjqlI5vTswXY
ilYjmPv+5yks2c1mgsxzzSiui7I3E7eLgsNL7A+nZ3iWa0lg0gJRa7zTxNLF1RFURbZe9BUmt/O8
Dq2TpB5i5yFmyipO4Wm2NVb+ktOmz3VrTP3X4K35PqlYrx45sdE2cpnPMzlzb9tbF3Xj5cdQKPv5
luL3zIbVea9wIbb5aerEJu6NskHSRn9jn8ivo6HC4/DUQWGGkWZSlkn+m+yhMICuYoEFfonevhPX
PT5/vclyo75zEtfX+RXcs41/XjtdRe5tPPfUmwn82ILDVPptY5cwNAoM9Jl0+zUXlRHU6vIuyTr2
gqOdBh1vwx55Tw6ll1ybybGalda18aPxpWR26qqlNbpKzobC7FRuY0xqhWkVcMEGp/kx+GJakd9a
pYzibbmr6lI4ccjpGxl7GnBslLoibHpf7wGosWdkbPDBtZwxPmfAzGbkNVkattae0WSTDVqelEaO
45rpMCiV+4K3GyuW32a/zkWfOAZQNfWTsDMkWJavl3hN2fvvjoeHF7N+6OJHUJzgNJFhLy40fu60
5wdjzF3GwhvOdHfQdXF3bZbIXhx1elxelPnlHD5nFNK+/+t0i785TN785Aws48XwK2OOwHHRa16g
LyNo6HEUxl7bXHHah4jl+pBqbafR7zRHihsO+wFCJZWKZI3CC9RLpMlYdRZa+ZuSccmVUdoNmrre
WzNm5YyTYvCScTwYpw+zehClIGh81lCUs4R9zYD5PNLRQmvn+17MGD212rDEQNqojv56RNSiHrv/
yg6vSJ93gO6OTTvebJ1pT2+LaeoH8bPqe5/S3nnl+lTks+d9dEZmd/kAfO6gr18b4EdYa5cMBnKS
Vp/foEzZ/CdS/63xA/lBwUU0ZbNCpnmGz9qdXBgX/HPGNxmIBz+XLVtk/yn/75UUZVgp4AaDaZ8I
+VhVw2XNMFZOfk74hFl+sPpUVjX92nSV7e5ZSktt/Jm/ctNgVpdyiWbc4oOlQOZe7l8uvePzMe5W
8YO6c9zzNeUpRmyM0qeBQh1mLg3h9KngAdqJ1PxnTvJLzpKiSeubft4FQWCHpc7PIPd41P7eUBcg
1snnCHplb76gMZp/AcMFf9rzU1+8D1M23ie1/c2rega7/uiLfixmPh2is/27ovUqmzWVVw1Ffii+
y4WZseYry92S/rDzRksCHV1D5YWm5rzBRXzsPXIAXe/3mWYbX2+pkVFJNT641Tw0LlSFDY8zxtiR
SablMYUlnlF5I1XJLPjpRmF3ssG9oYFJYygdSjhjuJq7gVYyJ8NRu7HG4BcHajVwJ2m57FdjTPoi
lqauFrqSZo2gLdjM53g0yufRavicu/7TlF3raSs/YtGYWZJgGMlfFzWYmsM0BDlqr3bEALqIuesv
efKckYdKdxdPFm3Jb7rThSmc3rrORKMk+jXO2jrML04WZDA38HxQ1xuRm+loxHHSOlxgQ8imqs4r
u9h5b6hsZr8Rbe7WLMfebwsM1puSwPYrw36ae/Lj/K24l3HWhpeK3+P4xpiKHi0u9MqGL5zFagyh
l7KtYOeQGEujcatfKyWTWam65Ttx/pWzqHyADo+5WT1yXMXkmlMZRYWLsVndSoE+X10azsU6Uitg
5r41JvhRo7Z6ik375eyO2S8O0d7Kdd1YN56rjaRBEa0+cj3ld1KlE78WpHTKgvII/ESWzn8Ft+9l
WXbGWr0O2G1New4/fHU1HSd+7D9/2oQuL4VB3bpxdY1Bn4RROlf8P5zShs0W7ndn5hk/rfCvnoD3
OUnABglpZFfl21kZ5eDh3aGhf9m8cbc+45IlSLVqTrBxtt2fU+ea1Vdz0ZtEy6fuzny06sSs7Pt/
6dX4ihS3cDO6XmqGWhOdVR02+2ViugFrXX80bShF0kwbXWkLcXwdKqZRVMD3V9u2BSrN47pknFm/
Z7xuPkvM25MXV4cxeVU9xmmH//AAXcEqff307Ggi7j0jaBJz3UEETOYePwqScum2ZXv3grvwEyrw
J5QR1vCZSPfTobtP8UM1qrAmntliXw8Z/0LpSU7tblXZwGl29S38FRqd9+p6l2AjpW7q9YKnqDqT
H4C6LqNAfrxcGnuOzutJfi1eqIRid/Ju5sKt746SGWvg3Z/xuHmBYgxlqVDm2MilMULa5L8KCo3v
P/kgBvOspIlRTpLhM3Z2NLzWUD9LFXTG/+smsln2peXPWfrvj1EO4hhA74hgCF3VPTZaPwace97S
2l13rLGnMGN5WmifWd73Q4lBkZWDUtWlYSNuIOJPRz6MOqvhxuatXef+lAHjpCLiWtNnOe1g/50z
glpNO3k7V02jBuH0vjD60GewnxHUGJNdwkiXW1c7pWJq07mqqlrzrYbfRxFvw2esy9etTbqT/z1r
vHLZr1scnFRJhGzfhzSeQQ3XS96j8ZC9J48eI6AfLrccivWomkkUyBr3vZQs4xWVrj1D1CJPO5Le
lE+6rGoenvUDXxkZquPC/Po7AwygD6JPwVaoZXKWqJJipzXqQe8U8ZPM0T+FXN1bYUV3QTsNdeVB
3brAbWJddjtO1fBz6embc+atx/YEK33ct7TflsnsEps0JFfMSVNWzvMrG3hpte+5ZhJ/7MhE1fH+
ojEslwxWn7tN7VLk2Az3m1FCRlrozPMl51zHjyHtO65okHpQtld5N5IzFMG5dL+euZ7QEHl2npVw
FfdHf67MBy2MCvZl0DtKPn7oqrSPjlV3YxdOgxcyn2E5dC+bSyWnYfYfydoWFBhA78xJzzrvuYRc
xxMegbnrY/Dr6a2UUjyXfr1Ege6utXXWl3BmDj9t5IRHsfNwUn5Ss3ozvbxzYV98jQbqMuWpGS9m
M8/41pbHN6dw192c7nrtOHJJjKDGyGesJipSR/k0UW6zHrav/zjPE+xcJtfU5hWfGy6yTz1Yk9xo
HbN6qiMW5RmOOQe9KpL3EBXCRjcrdlJ13rl5QXJ6TL1C5Zxs7k6n1V1KS21Qjh3BnHm7dE7u2NaY
zy9K1VLeXZ8DWjtrI/wI0kI2nruaKYw35Tg35dXvRkpw59Kfz961dasp40L2bsWroFZ+Nl2/SzaW
43jc3ZXWJh+S+/5vC8X/MomdTL//3ajEqviLq2V4Vm2SzzaXx5lDxlkrAD+d0gF1cks4Yx01fraw
MnmXfOjFftftrNjOwUZ/4xuJL+DEyTBt490nrfm0GBv7wviengXPTiG0Jo/cXGbfaYlztmC5tS3D
uzJgKpszwsibSf4IlxxmraKxXNp/l/Qr594TZMu/zx99RWMAvTsn7q5+3vSyI7TCuQy4jQCsgmEA
FtBz0HkZOdtnk63rLoVNWW0EPaNmpj76XMUOrZfPntJFI6ckxELBakk3Z71KVqFdc1k5RZj2/Gcl
tAnTzsGEFE7cs8YvYttnWX6tJNojAnk9IB8hlgycvqFcan5ZI9pdNZO8cmnnz00zcVwQpuWJwEab
3BgL+taMA9cmZj26qkgGA+jtOXcgfdo8/2TO9zzScJ3/TbtfwD7LJQjZUrUBMuw5FgvcygIaSnr6
Qr2JfSULuImYxgyIanWaIjgaTUf7CHr2ws2XKOvEr5sp0uCK0DfqHzNpLXY8Lg8nqGJcm9pS0JjY
M/cnlH+6F78VvkrXstHCT2VPUcX4qpDdf8rDj6Mfu3t1ppzi7CcHmpi62JRadx3u5Pf28Q7QW9P/
XqPe7FZi12eh5inrnFPeBTr72YOJaVzp7/EUHVKT+2WHQe5bj28d2mlgg5uiVaL79pYurMu/FHNF
dtNSybflme+oy8d/3Ul+YX7BODb0RjSvAE11kTP0a911uua50nq9nJ6LQzW1wyfWWONV22nBq+12
pL2YN6yY5SKvXxTFqZ+7BJucm98W2qQnPyKgMX42bQVdqgU1rQjTzyhpJpHX5RGDZ6d5XF+geWjm
pw7DwNO2Mjc3gO4/sTxNYYxZW6Z96mtvvXoKI7Wsj9uiUWHYW2mBYIDUyL+Nfbw10SWC7z+nACzh
xmofe4AsS/+EFFvNVeuMoKE8xgi25h0WazPngo9h9G0I/SQdbPRHrLUfT0Mv0ZYZJzYWZPMRK6TN
ijK9afVPjTZSNx6rveWuMFbskt8gafVVCjDBOyOOHY6dLhvuG3iH8auG5M64Wk870ujNtmQEbdnj
acKOHQV9TKilN50e4ban01nFL/1Mj80V3p+1JG9jAK0MZQPpradFzWS59utMLf4ordLPOa/ej6vK
kxvnzvU2b+kFM1d+2kI+S9taa7v/ZHQ8/x25QgM15ByXZvGsXrAXp3jj95Lo1E0W8RNp6lbjizp1
FqvWWT3xE5l2URNrjHHWJL+6O5jesbG2xv8znLgNt/g9x265curSGVxlTzgnXK82Hco53L75itmh
m5xJbMgqeZrPwgn1v+0OYMCQaaXuq9Xdbzivrmq2avkoKLib5OGMEFaeO+Li5MWJ2zc0R1o/waRu
nRfuO7yLMuaZbV2+204pcrB5K+Ko8XK+8VM3QfEO0M1Im2yTaTPjUr5yqr/b0HAec2pmytPKVvwY
Bcjf0V7tCzW29Bmpno+jxxV0yT1LVqc7iR3h7umPsMlsAFvSrrnWmuRHg3bWf59ZcuZnqEkZN2fQ
l91gNkfc9EM+bDmYmv5xzR7/3qdDNf+cpqT9tKd2jOkJdrKLHHAP0p46pD2oXog3nMk3W8Lrs5wW
x5MlJ1opv9rU47/zs63Ykt6ymp6F7TQmOOdOf++nDwZQNbpGmmH4OM6EKwlt0n+fNodNW0D/eNbU
41zj53OwxhjbOZnMNCbcnwW684yKgUuZq0S3+WGmCtZGbiTaeO1Rxi2MnZvVlijpBvGEefh0XXqV
TvQ8sp87E4Q60T447QyyK1ZYyLaXBilCu8LX0YLbejJzZ/TZz8sIbDg2N4nk0pEnbzQbMWOVQ27r
/flBbc2z37/LVcMWv+aDx84whYjf4sZtb8NLuurJtJ6iotbVpWJQCkLL/9uLsjytRtArDZ8fbvMI
/M/iePfQXTjknf8o7Z3qIcf8MsypmXWPZU49V2ykbfkusdvUU+Nqea/Ofxbbl8NOefpQ5Anj7O7s
Mp/p1qq7SDuPGf1mSt/z90fqTVJfa/jy1uJ/8wg+5GOfqyENNf/2FHLfl5beQ497nmiV6WmZV5x7
1JSW541hO1Or7XNa40zj56rVmMySnDoODo/PNrmYHIy5/CwS6EMujYS0zn0Dqf9XqwmXrPvTqhOC
HHfvMDJba1WGzXOMn/W+eV8DqLL+ssFO1fjBM1kh+sy3pgSVMZDw3ZYasgq0LbIT7lQBg+Q30fU6
TEPo6j31+JjfOUaHhlVDizrdzl9j1yxeV+av4bxhe28v0HOX3TCNXKOp1S3XSzMJC5cfqTdW7hEz
y7piSPM9ZbIqEL2nbGRkKpsDNebRQthB4fJjWn/FHwe89zKEGjNmDO2dH2q1U033PtU7TFsdO+FT
hkcO0BUmbx6Hp9Ot2FwhMobLnNRxldvi/De20s07+BwXl9VukxJqQpV8YFcr8bxaOtfzs5zXPQ2g
yfMTOw8Qg42t8O6epU7WzTgNE9LN3tGxYo4adi/Xju7p14kM76ZfqSzzAl2MZPw0pkFhwkDbeAed
kOby/BcaQVdxL2nhroh61jQGKxfMAwp9DKEtiewziUw1fM5OsJSPR+AZ0121eZNiLsnUC7SU7so2
1x+KFg/urO9pez9D6Gt7+5K7rTe+fhRKH/6Tw9q6SbZv0dfRrqZJY9aucffd5xBC4UrHb9/rzubv
FdKYoXot0fNhd7KKHm6Ch0PUgHw1Za14JZYMnNl7nwnUe9xBGoXbSvVSTptci/Nf8zSt7iBomktJ
lU9N3MFLdAW97yD9ue8AXa0nM9JXpmG9f1qs8M+YmV1yFT+zg7exvhVHvD9746ST6jx21ftuuSa9
C3Snelkpy07l1DJzJGRUhfE+cH4vkjZAvTNQ7t9VBPlnvGympa85adcEGBRuzC8n32I2uX1GC8/I
I/RKcKb5eLuaf3uaLvgzm/nJrmjjBo/On4TrrW19rFx9dxs/xY3FJivCd/dNRDxJvLHdXDT+CSeJ
2v1GbW7epLUEcibaVbmteH9oW1q9xsgruKcHqJLLJybXPRssO+BZR1ng0VOYmac4+71ceAXSGduE
VCdUXXkKbE4gH6ZY9PmPQIjpDLgIXK2lV+f/YRc5duTRHig/jNt64l+ApPPLjt6mdbC+Vcw3lhd9
3nrIiSuFIP3KUuLlZzhTcVsrPLeNTp/wkB1zZq+VctrpvrlUSxiLEj1R8bldS+fIS9aYpw03zvt7
5rwY5qfIPdeBN5zMU1GF8lUUST1edQ5s2ihlh3bb2SEWaZs9eq5838u+O4/aTXmflBtxbTaEmKR4
SV2TwmtvRHOiYbpaAAAJQUlEQVSjNdHTreeNejWveumAM5NIMzU7xxXeoisef48Nri0PH/5cD9Cz
aG3v9uPY6Ww4B+/FrSpoznGhtXOMn935f/4zRYb5xs/ZXCnXvGoeH8jOqIdddeAsnrYJhmvH6jug
HuM2qUdpozQmWrrQrKZX3SzPoOGhbWveC5O3vieNmrayzd/KXSxlnvmXSzI1YCaU1v+dA/Xk5DJp
6VJz2S+FcNuSmgXvIXcDQoFsfL+j0KNDict8LoXPh/M6affid2LLf8Y1rSizFuzKNKpGzihsYXRM
wvVzgTEvd93lZteCUbjEtA1ZnKwm0U0WQIt4tAfoNtxwVuw9XOo8wIPl5Aay9xmVzdur9Jvp1sEy
Db9+497/mGQJzRx2Ojd8D6dPy1b0J8N4C+OkM3ffXH7NCmB4KX/TQaSvtjUxpApxuoVhtwo0NML3
RLSQTMaF1eZvlS62ySi5SEXupxq/scTTM4qk9T2reSLtwGzJwrqplX1e7vvWcCexkmU9wUN9jbuU
NXOfcGjT/RyFMaT5XZuDnqDRQUlzSrk2Wjy32ehvzbRWG10lP3X7USDhXvaQS0x7bu/85K5PdVA/
Jg8uP/3doY81gKqac+lzEs9QqJ2WTDvJAiHtxqrRjtfuWn3eHvfsB7DqlKQ5q0+tqJG9ahngjuTN
BC39a4+5Wb8huhuBDc2Yb4W3HVbXzQH+D+7IPqIusxgbWaG1Gj/ly4kdM2PYLNzKJNBp+BSTDo2g
X5Kqix/afOm2jURqW22Mr6L3Wt1kLc0JObm3Kc8WQmQYUZmecinVtBbkOr/AsfFsWBWUxsLW5KTe
1pVYbgrpTVMZb4UNYSy9xtJqgzcKlTNZ77GmyzP6vtGHGEC3mcKMMc8z1NXLoyvtDvVyyvs/vYJe
Xd5RznQgnJ6XN9Gex34tvsPIuIMMALsz4z2gbePovJ65w/weoyrdoj1IKQFnzHhlRRWeN1jOpt2H
Z27W+XLpDZvGiG8uzSYgyVHHNyWHfbu/nr4mlmXbnhN68tLkdxyJnsWr75SVT2qFpvltoBmntP6Q
GuUiWvGjf3HNqC3IYzOfO8h5f+YOHPz7420lpRBd22hIkIbtXPV3i1xrT2XCG1XbEu73DtAnt8aV
UK86HmfJmVWglnTSsKsMra9k1yr3Ibqfz3061FKVdus8bx/XFQEuZbxHndknS3nZyn1VIr1pKhKw
pm/Oq0Upy7irr//Y2kEVQqyYzK/lTlGsjykg5ztVy6hOf2tO7KUNQpzzAHop3RWj033WeWcgdLFs
oFVzxdTHkdduTLSXB1mjo6WzqNIwGT/Oriuz7kUG5bRcQ36dqI37OimG1xylhOcH3QbtIcv9DKCz
Yf4CELnx6yO34spqpAkB4GfxgxZ1l04u+84uM7x0YX9+UE8HmM6Kh+56wjHcwhVgAAUAAAAAAAAA
AIDHggEUAAAAAAAAAAAAHgsGUAAAAAAAAAAAAHgsGEABAAAAAAAAAADgsWAABQAAAAAAAAAAgMeC
ARQAAAAAAAAAAAAeCwZQAAAAAAAAAAAAeCzWGOOuFgIAAAAAAAAAAABgBXiAAgAAAAAAAAAAwGPB
AAoAAAAAAAAAAACPBQMoAAAAAAAAAAAAPBYMoAAAAAAAAAAAAPBYMIACAAAAAAAAAADAY8EACgAA
AAAAAAAAAI8FAygAAAAAAAAAAAA8FgygAAAAAAAAAAAA8FgwgAIAAAAAAAAAAMBjwQAKAAAAAAAA
AAAAjwUDKAAAAAAAAAAAADwWDKAAAAAAAAAAAADwWDCAAgAAAAAAAAAAwGPBAAoAAAAAAAAAAACP
BQMoAAAAAAAAAAAAPBYMoAAAAAAAAAAAAPBYMIACAAAAAAAAAADAY8EACgAAAAAAAAAAAI8FAygA
AAAAAAAAAAA8FgygAAAAAAAAAAAA8FgwgAIAAAAAAAAAAMBjwQAKAAAAAAAAAAAAjwUDKAAAAAAA
AAAAADwWDKAAAAAAAAAAAADwWDCAAgAAAAAAAAAAwGPBAAoAAAAAAAAAAACPBQMoAAAAAAAAAAAA
PBYMoAAAAAAAAAAAAPBYMIACAAAAAAAAAADAY/nT1QIAAADANfz222/m119/NX/+85/Nf/zHf1wt
DgDAEv744w/zr3/9y/zjH/8wf//7368WBwAAAC7AGmPc1UIAAADAefzXf/2X+e///m/zl7/85WpR
AABO5ffffzd/+9vfzP/8z/9cLQoAAACcCAZQAACAH8Y///lPjJ8A8GP5/fffzV//+terxQAAAIAT
4R2gAAAAP4jffvsN4ycA/Gj+8pe/mN9+++1qMQAAAOBEMIACAAD8IH799derRQAAuBzGQgAAgJ8F
j8ADAAD8IP73f/+XHzwCgB/PH3/8Yf7zP//zajEAAADgJPAABQAAAAAAAAAAgMeCARQAAOAH8a9/
/etqEQAALoexEAAA4GeBARQAAOAH8Y9//ONqEQAALoexEAAA4GfBO0ABAAB+GP/85z/5JXgA+LH8
/vvv5q9//evVYgAAAMCJ4AEKAADww/jb3/5mfv/996vFAAA4nd9//9387W9/u1oMAAAAOBk8QAEA
AH4ov/32m/n111/Nn//8Z34ZHgAeyx9//GH+9a9/mX/84x/m73//+9XiAAAAwAVgAAUAAAAAAAAA
AIDHwiPwAAAAAAAAAAAA8FgwgAIAAAAAAAAAAMBjwQAKAAAAAAAAAAAAjwUDKAAAAAAAAAAAADwW
DKAAAAAAAAAAAADwWDCAAgAAAAAAAAAAwGPBAAoAAAAAAAAAAACPBQMoAAAAAAAAAAAAPBYMoAAA
AAAAAAAAAPBYMIACAAAAAAAAAADAY8EACgAAAAAAAAAAAI8FAygAAAAAAAAAAAA8FgygAAAAAAAA
AAAA8FgwgAIAAAAAAAAAAMBjwQAKAAAAAAAAAAAAjwUDKAAAAAAAAAAAADwWDKAAAAAAAAAAAADw
WDCAAgAAAAAAAAAAwGPBAAoAAAAAAAAAAACPBQMoAAAAAAAAAAAAPBYMoAAAAAAAAAAAAPBYMIAC
AAAAAAAAAADAY8EACgAAAAAAAAAAAI8FAygAAAAAAAAAAAA8FgygAAAAAAAAAAAA8FgwgAIAAAAA
AAAAAMBjwQAKAAAAAAAAAAAAjwUDKAAAAAAAAAAAADwWDKAAAAAAAAAAAADwWP4/zMBnH+qKXk0A
AAAASUVORK5CYII=
" width="800px"&gt;</msg>
<doc>Takes a screenshot of the current page and embeds it into the log.</doc>
<status status="PASS" start="2025-01-26T07:30:33.221672" elapsed="0.383465"/>
</kw>
<msg time="2025-01-26T07:30:33.605137" level="INFO">xpath criteria: //android.widget.TextView[@resource-id="com.example.myapplication:id/textEndDate"]
xpath criteria: //android.widget.TextView[@resource-id="com.example.myapplication:id/textEndDate"]
xpath criteria: //android.widget.TextView[@resource-id="com.example.myapplication:id/textEndDate"]
xpath criteria: //android.widget.TextView[@resource-id="com.example.myapplication:id/textEndDate"]
xpath criteria: //android.widget.TextView[@resource-id="com.example.myapplication:id/textEndDate"]
xpath criteria: //android.widget.TextView[@resource-id="com.example.myapplication:id/textEndDate"]
xpath criteria: //android.widget.TextView[@resource-id="com.example.myapplication:id/textEndDate"]
xpath criteria: //android.widget.TextView[@resource-id="com.example.myapplication:id/textEndDate"]
xpath criteria: //android.widget.TextView[@resource-id="com.example.myapplication:id/textEndDate"]
xpath criteria: //android.widget.TextView[@resource-id="com.example.myapplication:id/textEndDate"]
xpath criteria: //android.widget.TextView[@resource-id="com.example.myapplication:id/textEndDate"]
xpath criteria: //android.widget.TextView[@resource-id="com.example.myapplication:id/textEndDate"]
xpath criteria: //android.widget.TextView[@resource-id="com.example.myapplication:id/textEndDate"]
xpath criteria: //android.widget.TextView[@resource-id="com.example.myapplication:id/textEndDate"]
xpath criteria: //android.widget.TextView[@resource-id="com.example.myapplication:id/textEndDate"]
xpath criteria: //android.widget.TextView[@resource-id="com.example.myapplication:id/textEndDate"]
xpath criteria: //android.widget.TextView[@resource-id="com.example.myapplication:id/textEndDate"]
xpath criteria: //android.widget.TextView[@resource-id="com.example.myapplication:id/textEndDate"]</msg>
<msg time="2025-01-26T07:30:33.606447" level="FAIL">Element locator '//android.widget.TextView[@resource-id="com.example.myapplication:id/textEndDate"]' did not match any elements after 5 seconds</msg>
<arg>${endDate_input}</arg>
<doc>Waits until element specified with `locator` is visible.</doc>
<status status="FAIL" start="2025-01-26T07:30:27.703456" elapsed="5.902991">Element locator '//android.widget.TextView[@resource-id="com.example.myapplication:id/textEndDate"]' did not match any elements after 5 seconds</status>
</kw>
<kw name="Click Element" owner="AppiumLibrary">
<arg>${endDate_input}</arg>
<doc>Click element identified by `locator`.</doc>
<status status="NOT RUN" start="2025-01-26T07:30:33.606447" elapsed="0.000000"/>
</kw>
<status status="FAIL" start="2025-01-26T07:30:27.703456" elapsed="5.904099">Element locator '//android.widget.TextView[@resource-id="com.example.myapplication:id/textEndDate"]' did not match any elements after 5 seconds</status>
</kw>
<kw name="Click End Date" owner="bookPage">
<status status="NOT RUN" start="2025-01-26T07:30:33.607555" elapsed="0.000000"/>
</kw>
<kw name="Click Flight Type" owner="bookPage">
<status status="NOT RUN" start="2025-01-26T07:30:33.607555" elapsed="0.000000"/>
</kw>
<kw name="Click Checkbox" owner="bookPage">
<status status="NOT RUN" start="2025-01-26T07:30:33.607555" elapsed="0.000000"/>
</kw>
<kw name="Click Booking Button" owner="bookPage">
<status status="NOT RUN" start="2025-01-26T07:30:33.607555" elapsed="0.000000"/>
</kw>
<status status="FAIL" start="2025-01-26T07:30:16.902402" elapsed="16.705153">Element locator '//android.widget.TextView[@resource-id="com.example.myapplication:id/textEndDate"]' did not match any elements after 5 seconds</status>
</kw>
<arg>Open Flight Application</arg>
<arg>AND Login With Valid Credentials</arg>
<arg>AND Navigate To Book Page</arg>
<doc>Executes all the given keywords in a sequence.</doc>
<status status="FAIL" start="2025-01-26T07:30:00.706603" elapsed="32.900952">Element locator '//android.widget.TextView[@resource-id="com.example.myapplication:id/textEndDate"]' did not match any elements after 5 seconds</status>
</kw>
<kw name="Close Flight Application" owner="base" type="TEARDOWN">
<kw name="Close Application" owner="AppiumLibrary">
<doc>Closes the current application and also close webdriver session.</doc>
<status status="PASS" start="2025-01-26T07:30:33.608564" elapsed="0.796356"/>
</kw>
<status status="PASS" start="2025-01-26T07:30:33.608564" elapsed="0.796356"/>
</kw>
<status status="FAIL" start="2025-01-26T07:30:00.705583" elapsed="33.699337">Setup failed:
Element locator '//android.widget.TextView[@resource-id="com.example.myapplication:id/textEndDate"]' did not match any elements after 5 seconds</status>
</test>
<status status="FAIL" start="2025-01-26T07:30:00.521842" elapsed="33.884090"/>
</suite>
<statistics>
<total>
<stat pass="0" fail="1" skip="0">All Tests</stat>
</total>
<tag>
</tag>
<suite>
<stat name="bookSuite" id="s1" pass="0" fail="1" skip="0">bookSuite</stat>
</suite>
</statistics>
<errors>
<msg time="2025-01-26T07:30:00.699871" level="ERROR">Error in file 'C:\Users\didah\OneDrive\Dokumen\Ali\Belajar Appium\sanbercode-52-mobile\pageObjects\bookPageObject\bookPage.robot' on line 55: Creating keyword 'Click Ok' failed: Keyword with same name defined multiple times.</msg>
</errors>
</robot>
