<?xml version="1.0" encoding="UTF-8"?>
<robot generator="Robot 7.2 (Python 3.11.8 on win32)" generated="2025-01-26T08:19:48.827453" rpa="false" schemaversion="5">
<suite id="s1" name="bookSuite" source="C:\Users\didah\OneDrive\Dokumen\Ali\Belajar Appium\sanbercode-52-mobile\suites\bookSuite.robot">
<test id="s1-t1" name="User navigate to book page" line="16">
<status status="FAIL" start="2025-01-26T08:19:48.996244" elapsed="0.000000">Test cannot be empty.</status>
</test>
<status status="FAIL" start="2025-01-26T08:19:48.828452" elapsed="0.169552"/>
</suite>
<statistics>
<total>
<stat pass="0" fail="1" skip="0">All Tests</stat>
</total>
<tag>
</tag>
<suite>
<stat name="bookSuite" id="s1" pass="0" fail="1" skip="0">bookSuite</stat>
</suite>
</statistics>
<errors>
</errors>
</robot>
